#
# There is insufficient memory for the Java Runtime Environment to continue.
# Native memory allocation (malloc) failed to allocate 1725520 bytes for Chunk::new
# Possible reasons:
#   The system is out of physical RAM or swap space
#   The process is running with CompressedOops enabled, and the Java Heap may be blocking the growth of the native heap
# Possible solutions:
#   Reduce memory load on the system
#   Increase physical memory or swap space
#   Check if swap backing store is full
#   Decrease Java heap size (-Xmx/-Xms)
#   Decrease number of Java threads
#   Decrease Java thread stack sizes (-Xss)
#   Set larger code cache with -XX:ReservedCodeCacheSize=
#   JVM is running with Unscaled Compressed Oops mode in which the Java heap is
#     placed in the first 4GB address space. The Java Heap base address is the
#     maximum limit for the native heap growth. Please use -XX:HeapBaseMinAddress
#     to set the Java Heap base and to place the Java Heap above 4GB virtual address.
# This output file may be truncated or incomplete.
#
#  Out of Memory Error (arena.cpp:184), pid=8148, tid=1644
#
# JRE version: OpenJDK Runtime Environment Temurin-18.0.1+10 (18.0.1+10) (build 18.0.1+10)
# Java VM: OpenJDK 64-Bit Server VM Temurin-18.0.1+10 (18.0.1+10, mixed mode, tiered, compressed oops, compressed class ptrs, serial gc, windows-amd64)
# Core dump will be written. Default location: C:\Users\Administrator\Downloads\Dev-master\Dev-master\SimpleApp\hs_err_pid8148.mdmp
#

---------------  S U M M A R Y ------------

Command Line: -Dfile.encoding=UTF-8 -XX:+ShowCodeDetailsInExceptionMessages com.ng.SimpleAppApplication

Host: Intel(R) Xeon(R) CPU E5-2676 v3 @ 2.40GHz, 1 cores, 1023M,  Windows Server 2019 , 64 bit Build 17763 (10.0.17763.2928)
Time: Fri Jun  3 11:44:09 2022 India Standard Time elapsed time: 19.835656 seconds (0d 0h 0m 19s)

---------------  T H R E A D  ---------------

Current thread (0x00000217befbf9f0):  JavaThread "C2 CompilerThread0" daemon [_thread_in_native, id=1644, stack(0x000000a42de00000,0x000000a42df00000)]


Current CompileTask:
C2:  19835 4839 % !   4       org.springframework.beans.factory.support.DefaultListableBeanFactory::doGetBeanNamesForType @ 20 (511 bytes)

Stack: [0x000000a42de00000,0x000000a42df00000]
Native frames: (J=compiled Java code, j=interpreted, Vv=VM code, C=native code)
V  [jvm.dll+0x69cd4a]
V  [jvm.dll+0x84b63d]
V  [jvm.dll+0x84cf4e]
V  [jvm.dll+0x84d603]
V  [jvm.dll+0x25f19f]
V  [jvm.dll+0xba54f]
V  [jvm.dll+0xba8c5]
V  [jvm.dll+0x38887b]
V  [jvm.dll+0x3528e1]
V  [jvm.dll+0x351d8a]
V  [jvm.dll+0x232141]
V  [jvm.dll+0x231511]
V  [jvm.dll+0x1bbd3c]
V  [jvm.dll+0x240faa]
V  [jvm.dll+0x23f275]
V  [jvm.dll+0x7fdcfb]
V  [jvm.dll+0x7f814a]
V  [jvm.dll+0x69bba5]
C  [ucrtbase.dll+0x2268a]
C  [KERNEL32.DLL+0x17974]
C  [ntdll.dll+0x5a2f1]


---------------  P R O C E S S  ---------------

Threads class SMR info:
_java_thread_list=0x00000217c4dd1280, length=21, elements={
0x00000217aacec260, 0x00000217bef7d690, 0x00000217bef7f4c0, 0x00000217befb20c0,
0x00000217befb2d30, 0x00000217befb3aa0, 0x00000217befb56c0, 0x00000217befbf9f0,
0x00000217befc1730, 0x00000217befcabd0, 0x00000217c34e1010, 0x00000217c34ec8c0,
0x00000217c3cc3af0, 0x00000217c3cc4750, 0x00000217c3c0ff70, 0x00000217c3c0faa0,
0x00000217c3c0ca80, 0x00000217c3c0cf50, 0x00000217c3c0d420, 0x00000217c3c0e290,
0x00000217c3c0d8f0
}

Java Threads: ( => current thread )
  0x00000217aacec260 JavaThread "main" [_thread_blocked, id=408, stack(0x000000a42d600000,0x000000a42d700000)]
  0x00000217bef7d690 JavaThread "Reference Handler" daemon [_thread_blocked, id=3732, stack(0x000000a42d800000,0x000000a42d900000)]
  0x00000217bef7f4c0 JavaThread "Finalizer" daemon [_thread_blocked, id=6576, stack(0x000000a42d900000,0x000000a42da00000)]
  0x00000217befb20c0 JavaThread "Signal Dispatcher" daemon [_thread_blocked, id=2308, stack(0x000000a42da00000,0x000000a42db00000)]
  0x00000217befb2d30 JavaThread "Attach Listener" daemon [_thread_blocked, id=5664, stack(0x000000a42db00000,0x000000a42dc00000)]
  0x00000217befb3aa0 JavaThread "Service Thread" daemon [_thread_blocked, id=4488, stack(0x000000a42dc00000,0x000000a42dd00000)]
  0x00000217befb56c0 JavaThread "Monitor Deflation Thread" daemon [_thread_blocked, id=7400, stack(0x000000a42dd00000,0x000000a42de00000)]
=>0x00000217befbf9f0 JavaThread "C2 CompilerThread0" daemon [_thread_in_native, id=1644, stack(0x000000a42de00000,0x000000a42df00000)]
  0x00000217befc1730 JavaThread "C1 CompilerThread0" daemon [_thread_blocked, id=5192, stack(0x000000a42df00000,0x000000a42e000000)]
  0x00000217befcabd0 JavaThread "Sweeper thread" daemon [_thread_blocked, id=5908, stack(0x000000a42e000000,0x000000a42e100000)]
  0x00000217c34e1010 JavaThread "Notification Thread" daemon [_thread_blocked, id=7432, stack(0x000000a42e100000,0x000000a42e200000)]
  0x00000217c34ec8c0 JavaThread "Common-Cleaner" daemon [_thread_blocked, id=6056, stack(0x000000a42e300000,0x000000a42e400000)]
  0x00000217c3cc3af0 JavaThread "Thread-0" [_thread_blocked, id=5984, stack(0x000000a42e400000,0x000000a42e500000)]
  0x00000217c3cc4750 JavaThread "restartedMain" [_thread_in_Java, id=3520, stack(0x000000a42e500000,0x000000a42e600000)]
  0x00000217c3c0ff70 JavaThread "MVStore background writer C:/Main8/testdb.mv.db" daemon [_thread_blocked, id=7712, stack(0x000000a42e600000,0x000000a42e700000)]
  0x00000217c3c0faa0 JavaThread "HikariPool-1 housekeeper" daemon [_thread_blocked, id=3656, stack(0x000000a42e700000,0x000000a42e800000)]
  0x00000217c3c0ca80 JavaThread "H2-serialization" daemon [_thread_blocked, id=7396, stack(0x000000a42e900000,0x000000a42ea00000)]
  0x00000217c3c0cf50 JavaThread "H2-save" daemon [_thread_blocked, id=4916, stack(0x000000a42ea00000,0x000000a42eb00000)]
  0x00000217c3c0d420 JavaThread "Catalina-utility-1" [_thread_blocked, id=8016, stack(0x000000a42eb00000,0x000000a42ec00000)]
  0x00000217c3c0e290 JavaThread "Catalina-utility-2" [_thread_blocked, id=7500, stack(0x000000a42ec00000,0x000000a42ed00000)]
  0x00000217c3c0d8f0 JavaThread "container-0" [_thread_blocked, id=4792, stack(0x000000a42ed00000,0x000000a42ee00000)]

Other Threads:
  0x00000217aad9e660 VMThread "VM Thread" [stack: 0x000000a42d700000,0x000000a42d800000] [id=6336]
  0x00000217c34e74f0 WatcherThread "VM Periodic Task Thread" [stack: 0x000000a42e200000,0x000000a42e300000] [id=6832]

Threads with active compile tasks:
C2 CompilerThread0    19916 4839 % !   4       org.springframework.beans.factory.support.DefaultListableBeanFactory::doGetBeanNamesForType @ 20 (511 bytes)

VM state: not at safepoint (normal execution)

VM Mutex/Monitor currently owned by a thread:  ([mutex/lock_event])
[0x00000217aacea690] SystemDictionary_lock - owner thread: 0x00000217c3cc4750

Heap address: 0x00000000f0000000, size: 256 MB, Compressed Oops mode: 32-bit

CDS archive(s) not mapped
Compressed class space mapped at: 0x0000000100000000-0x0000000140000000, reserved size: 1073741824
Narrow klass base: 0x0000000000000000, Narrow klass shift: 3, Narrow klass range: 0x140000000

GC Precious Log:
 CardTable entry size: 512
 CPUs: 1 total, 1 available
 Memory: 1023M
 Large Page Support: Disabled
 NUMA Support: Disabled
 Compressed Oops: Enabled (32-bit)
 Heap Min Capacity: 8M
 Heap Initial Capacity: 16M
 Heap Max Capacity: 256M
 Pre-touch: Disabled

Heap:
 def new generation   total 16704K, used 6634K [0x00000000f0000000, 0x00000000f1210000, 0x00000000f5550000)
  eden space 14912K,  36% used [0x00000000f0000000, 0x00000000f05488d8, 0x00000000f0e90000)
  from space 1792K,  68% used [0x00000000f1050000, 0x00000000f1182270, 0x00000000f1210000)
  to   space 1792K,   0% used [0x00000000f0e90000, 0x00000000f0e90000, 0x00000000f1050000)
 tenured generation   total 36840K, used 22102K [0x00000000f5550000, 0x00000000f794a000, 0x0000000100000000)
   the space 36840K,  59% used [0x00000000f5550000, 0x00000000f6ae5810, 0x00000000f6ae5a00, 0x00000000f794a000)
 Metaspace       used 63330K, committed 63744K, reserved 1114112K
  class space    used 7916K, committed 8128K, reserved 1048576K

Card table byte_map: [0x00000217bed70000,0x00000217bee00000] _byte_map_base: 0x00000217be5f0000

Polling page: 0x00000217aada0000

Metaspace:

Usage:
  Non-class:     54.12 MB used.
      Class:      7.73 MB used.
       Both:     61.85 MB used.

Virtual space:
  Non-class space:       64.00 MB reserved,      54.31 MB ( 85%) committed,  1 nodes.
      Class space:        1.00 GB reserved,       7.94 MB ( <1%) committed,  1 nodes.
             Both:        1.06 GB reserved,      62.25 MB (  6%) committed. 

Chunk freelists:
   Non-Class:  1.56 MB
       Class:  3.89 MB
        Both:  5.45 MB

MaxMetaspaceSize: unlimited
CompressedClassSpaceSize: 1.00 GB
Initial GC threshold: 21.00 MB
Current GC threshold: 97.31 MB
CDS: off
MetaspaceReclaimPolicy: balanced
 - commit_granule_bytes: 65536.
 - commit_granule_words: 8192.
 - virtual_space_node_default_size: 8388608.
 - enlarge_chunks_in_place: 1.
 - new_chunks_are_fully_committed: 0.
 - uncommit_free_chunks: 1.
 - use_allocation_guard: 0.


Internal statistics:

num_allocs_failed_limit: 9.
num_arena_births: 532.
num_arena_deaths: 0.
num_vsnodes_births: 2.
num_vsnodes_deaths: 0.
num_space_committed: 996.
num_space_uncommitted: 0.
num_chunks_returned_to_freelist: 9.
num_chunks_taken_from_freelist: 2412.
num_chunk_merges: 9.
num_chunk_splits: 1772.
num_chunks_enlarged: 1451.
num_inconsistent_stats: 0.

CodeHeap 'non-profiled nmethods': size=120064Kb used=2387Kb max_used=2387Kb free=117676Kb
 bounds [0x00000217b7650000, 0x00000217b78c0000, 0x00000217beb90000]
CodeHeap 'profiled nmethods': size=120000Kb used=8518Kb max_used=9491Kb free=111482Kb
 bounds [0x00000217b0120000, 0x00000217b0a70000, 0x00000217b7650000]
CodeHeap 'non-nmethods': size=5696Kb used=1320Kb max_used=1364Kb free=4375Kb
 bounds [0x00000217afb90000, 0x00000217afe00000, 0x00000217b0120000]
 total_blobs=4776 nmethods=4130 adapters=560
 compilation: enabled
              stopped_count=0, restarted_count=0
 full_count=0

Compilation events (20 events):
Event: 19.503 Thread 0x00000217befc1730 nmethod 4829 0x00000217b08cc990 code [0x00000217b08ccd80, 0x00000217b08ce568]
Event: 19.504 Thread 0x00000217befc1730 4830       3       org.springframework.beans.factory.support.DefaultSingletonBeanRegistry::isCurrentlyInCreation (33 bytes)
Event: 19.504 Thread 0x00000217befc1730 nmethod 4830 0x00000217b08cc190 code [0x00000217b08cc360, 0x00000217b08cc7e8]
Event: 19.504 Thread 0x00000217befc1730 4831       3       org.springframework.beans.factory.support.AbstractBeanFactory::isActuallyInCreation (22 bytes)
Event: 19.504 Thread 0x00000217befc1730 nmethod 4831 0x00000217b08cb810 code [0x00000217b08cb9c0, 0x00000217b08cbdb8]
Event: 19.607 Thread 0x00000217befc1730 4832       3       org.springframework.aop.aspectj.annotation.AnnotationAwareAspectJAutoProxyCreator::findCandidateAdvisors (28 bytes)
Event: 19.607 Thread 0x00000217befc1730 nmethod 4832 0x00000217b02a6e10 code [0x00000217b02a7000, 0x00000217b02a7598]
Event: 19.607 Thread 0x00000217befc1730 4833       3       org.springframework.aop.framework.autoproxy.AbstractAdvisorAutoProxyCreator$BeanFactoryAdvisorRetrievalHelperAdapter::isEligibleBean (9 bytes)
Event: 19.607 Thread 0x00000217befc1730 nmethod 4833 0x00000217b0212390 code [0x00000217b0212520, 0x00000217b0212718]
Event: 19.608 Thread 0x00000217befbf9f0 4834       4       java.lang.reflect.Modifier::isPrivate (12 bytes)
Event: 19.608 Thread 0x00000217befbf9f0 nmethod 4834 0x00000217b7756b10 code [0x00000217b7756c80, 0x00000217b7756cd8]
Event: 19.608 Thread 0x00000217befbf9f0 4835       4       org.springframework.core.BridgeMethodResolver::isVisibilityBridgeMethodPair (52 bytes)
Event: 19.611 Thread 0x00000217befbf9f0 nmethod 4835 0x00000217b7756390 code [0x00000217b7756540, 0x00000217b7756828]
Event: 19.611 Thread 0x00000217befc1730 4836       3       org.springframework.core.ResolvableType::hasGenerics (14 bytes)
Event: 19.611 Thread 0x00000217befc1730 nmethod 4836 0x00000217b02a6990 code [0x00000217b02a6b40, 0x00000217b02a6d68]
Event: 19.649 Thread 0x00000217befbf9f0 4837       4       java.util.HashMap::put (13 bytes)
Event: 19.656 Thread 0x00000217befbf9f0 nmethod 4837 0x00000217b7755690 code [0x00000217b7755880, 0x00000217b7755e50]
Event: 19.684 Thread 0x00000217befc1730 4838       3       java.util.Arrays::sort (47 bytes)
Event: 19.684 Thread 0x00000217befc1730 nmethod 4838 0x00000217b02a6490 code [0x00000217b02a6660, 0x00000217b02a68a8]
Event: 19.705 Thread 0x00000217befbf9f0 4839 % !   4       org.springframework.beans.factory.support.DefaultListableBeanFactory::doGetBeanNamesForType @ 20 (511 bytes)

GC Heap History (20 events):
Event: 13.655 GC heap before
{Heap before GC invocations=27 (full 2):
 def new generation   total 11776K, used 10496K [0x00000000f0000000, 0x00000000f0cc0000, 0x00000000f5550000)
  eden space 10496K, 100% used [0x00000000f0000000, 0x00000000f0a40000, 0x00000000f0a40000)
  from space 1280K,   0% used [0x00000000f0a40000, 0x00000000f0a40000, 0x00000000f0b80000)
  to   space 1280K,   0% used [0x00000000f0b80000, 0x00000000f0b80000, 0x00000000f0cc0000)
 tenured generation   total 26060K, used 15635K [0x00000000f5550000, 0x00000000f6ec3000, 0x0000000100000000)
   the space 26060K,  59% used [0x00000000f5550000, 0x00000000f6494fe0, 0x00000000f6495000, 0x00000000f6ec3000)
 Metaspace       used 38498K, committed 38848K, reserved 1114112K
  class space    used 4329K, committed 4480K, reserved 1048576K
}
Event: 13.667 GC heap after
{Heap after GC invocations=28 (full 2):
 def new generation   total 11776K, used 1280K [0x00000000f0000000, 0x00000000f0cc0000, 0x00000000f5550000)
  eden space 10496K,   0% used [0x00000000f0000000, 0x00000000f0000000, 0x00000000f0a40000)
  from space 1280K, 100% used [0x00000000f0b80000, 0x00000000f0cc0000, 0x00000000f0cc0000)
  to   space 1280K,   0% used [0x00000000f0a40000, 0x00000000f0a40000, 0x00000000f0b80000)
 tenured generation   total 26060K, used 15757K [0x00000000f5550000, 0x00000000f6ec3000, 0x0000000100000000)
   the space 26060K,  60% used [0x00000000f5550000, 0x00000000f64b3710, 0x00000000f64b3800, 0x00000000f6ec3000)
 Metaspace       used 38498K, committed 38848K, reserved 1114112K
  class space    used 4329K, committed 4480K, reserved 1048576K
}
Event: 14.162 GC heap before
{Heap before GC invocations=28 (full 2):
 def new generation   total 11776K, used 11776K [0x00000000f0000000, 0x00000000f0cc0000, 0x00000000f5550000)
  eden space 10496K, 100% used [0x00000000f0000000, 0x00000000f0a40000, 0x00000000f0a40000)
  from space 1280K, 100% used [0x00000000f0b80000, 0x00000000f0cc0000, 0x00000000f0cc0000)
  to   space 1280K,   0% used [0x00000000f0a40000, 0x00000000f0a40000, 0x00000000f0b80000)
 tenured generation   total 26060K, used 15757K [0x00000000f5550000, 0x00000000f6ec3000, 0x0000000100000000)
   the space 26060K,  60% used [0x00000000f5550000, 0x00000000f64b3710, 0x00000000f64b3800, 0x00000000f6ec3000)
 Metaspace       used 41392K, committed 41792K, reserved 1114112K
  class space    used 4614K, committed 4800K, reserved 1048576K
}
Event: 14.196 GC heap after
{Heap after GC invocations=29 (full 2):
 def new generation   total 11776K, used 379K [0x00000000f0000000, 0x00000000f0cc0000, 0x00000000f5550000)
  eden space 10496K,   0% used [0x00000000f0000000, 0x00000000f0000000, 0x00000000f0a40000)
  from space 1280K,  29% used [0x00000000f0a40000, 0x00000000f0a9eec8, 0x00000000f0b80000)
  to   space 1280K,   0% used [0x00000000f0b80000, 0x00000000f0b80000, 0x00000000f0cc0000)
 tenured generation   total 26060K, used 18006K [0x00000000f5550000, 0x00000000f6ec3000, 0x0000000100000000)
   the space 26060K,  69% used [0x00000000f5550000, 0x00000000f66e5b08, 0x00000000f66e5c00, 0x00000000f6ec3000)
 Metaspace       used 41392K, committed 41792K, reserved 1114112K
  class space    used 4614K, committed 4800K, reserved 1048576K
}
Event: 15.278 GC heap before
{Heap before GC invocations=29 (full 2):
 def new generation   total 11776K, used 10875K [0x00000000f0000000, 0x00000000f0cc0000, 0x00000000f5550000)
  eden space 10496K, 100% used [0x00000000f0000000, 0x00000000f0a40000, 0x00000000f0a40000)
  from space 1280K,  29% used [0x00000000f0a40000, 0x00000000f0a9eec8, 0x00000000f0b80000)
  to   space 1280K,   0% used [0x00000000f0b80000, 0x00000000f0b80000, 0x00000000f0cc0000)
 tenured generation   total 26060K, used 18006K [0x00000000f5550000, 0x00000000f6ec3000, 0x0000000100000000)
   the space 26060K,  69% used [0x00000000f5550000, 0x00000000f66e5b08, 0x00000000f66e5c00, 0x00000000f6ec3000)
 Metaspace       used 43602K, committed 43968K, reserved 1114112K
  class space    used 4931K, committed 5120K, reserved 1048576K
}
Event: 15.290 GC heap after
{Heap after GC invocations=30 (full 2):
 def new generation   total 11776K, used 911K [0x00000000f0000000, 0x00000000f0cc0000, 0x00000000f5550000)
  eden space 10496K,   0% used [0x00000000f0000000, 0x00000000f0000000, 0x00000000f0a40000)
  from space 1280K,  71% used [0x00000000f0b80000, 0x00000000f0c63fb8, 0x00000000f0cc0000)
  to   space 1280K,   0% used [0x00000000f0a40000, 0x00000000f0a40000, 0x00000000f0b80000)
 tenured generation   total 26060K, used 18006K [0x00000000f5550000, 0x00000000f6ec3000, 0x0000000100000000)
   the space 26060K,  69% used [0x00000000f5550000, 0x00000000f66e5b08, 0x00000000f66e5c00, 0x00000000f6ec3000)
 Metaspace       used 43602K, committed 43968K, reserved 1114112K
  class space    used 4931K, committed 5120K, reserved 1048576K
}
Event: 15.848 GC heap before
{Heap before GC invocations=30 (full 2):
 def new generation   total 11776K, used 11406K [0x00000000f0000000, 0x00000000f0cc0000, 0x00000000f5550000)
  eden space 10496K,  99% used [0x00000000f0000000, 0x00000000f0a3fbd8, 0x00000000f0a40000)
  from space 1280K,  71% used [0x00000000f0b80000, 0x00000000f0c63fb8, 0x00000000f0cc0000)
  to   space 1280K,   0% used [0x00000000f0a40000, 0x00000000f0a40000, 0x00000000f0b80000)
 tenured generation   total 26060K, used 18006K [0x00000000f5550000, 0x00000000f6ec3000, 0x0000000100000000)
   the space 26060K,  69% used [0x00000000f5550000, 0x00000000f66e5b08, 0x00000000f66e5c00, 0x00000000f6ec3000)
 Metaspace       used 46389K, committed 46784K, reserved 1114112K
  class space    used 5319K, committed 5504K, reserved 1048576K
}
Event: 15.854 GC heap after
{Heap after GC invocations=31 (full 2):
 def new generation   total 11776K, used 1055K [0x00000000f0000000, 0x00000000f0cc0000, 0x00000000f5550000)
  eden space 10496K,   0% used [0x00000000f0000000, 0x00000000f0000000, 0x00000000f0a40000)
  from space 1280K,  82% used [0x00000000f0a40000, 0x00000000f0b47da8, 0x00000000f0b80000)
  to   space 1280K,   0% used [0x00000000f0b80000, 0x00000000f0b80000, 0x00000000f0cc0000)
 tenured generation   total 26060K, used 18373K [0x00000000f5550000, 0x00000000f6ec3000, 0x0000000100000000)
   the space 26060K,  70% used [0x00000000f5550000, 0x00000000f6741778, 0x00000000f6741800, 0x00000000f6ec3000)
 Metaspace       used 46389K, committed 46784K, reserved 1114112K
  class space    used 5319K, committed 5504K, reserved 1048576K
}
Event: 16.947 GC heap before
{Heap before GC invocations=31 (full 2):
 def new generation   total 11776K, used 11551K [0x00000000f0000000, 0x00000000f0cc0000, 0x00000000f5550000)
  eden space 10496K, 100% used [0x00000000f0000000, 0x00000000f0a40000, 0x00000000f0a40000)
  from space 1280K,  82% used [0x00000000f0a40000, 0x00000000f0b47da8, 0x00000000f0b80000)
  to   space 1280K,   0% used [0x00000000f0b80000, 0x00000000f0b80000, 0x00000000f0cc0000)
 tenured generation   total 26060K, used 18373K [0x00000000f5550000, 0x00000000f6ec3000, 0x0000000100000000)
   the space 26060K,  70% used [0x00000000f5550000, 0x00000000f6741778, 0x00000000f6741800, 0x00000000f6ec3000)
 Metaspace       used 49400K, committed 49792K, reserved 1114112K
  class space    used 5874K, committed 6080K, reserved 1048576K
}
Event: 16.952 GC heap after
{Heap after GC invocations=32 (full 2):
 def new generation   total 11776K, used 1065K [0x00000000f0000000, 0x00000000f0cc0000, 0x00000000f5550000)
  eden space 10496K,   0% used [0x00000000f0000000, 0x00000000f0000000, 0x00000000f0a40000)
  from space 1280K,  83% used [0x00000000f0b80000, 0x00000000f0c8a7e0, 0x00000000f0cc0000)
  to   space 1280K,   0% used [0x00000000f0a40000, 0x00000000f0a40000, 0x00000000f0b80000)
 tenured generation   total 26060K, used 18892K [0x00000000f5550000, 0x00000000f6ec3000, 0x0000000100000000)
   the space 26060K,  72% used [0x00000000f5550000, 0x00000000f67c31e0, 0x00000000f67c3200, 0x00000000f6ec3000)
 Metaspace       used 49400K, committed 49792K, reserved 1114112K
  class space    used 5874K, committed 6080K, reserved 1048576K
}
Event: 17.257 GC heap before
{Heap before GC invocations=32 (full 2):
 def new generation   total 11776K, used 11561K [0x00000000f0000000, 0x00000000f0cc0000, 0x00000000f5550000)
  eden space 10496K, 100% used [0x00000000f0000000, 0x00000000f0a40000, 0x00000000f0a40000)
  from space 1280K,  83% used [0x00000000f0b80000, 0x00000000f0c8a7e0, 0x00000000f0cc0000)
  to   space 1280K,   0% used [0x00000000f0a40000, 0x00000000f0a40000, 0x00000000f0b80000)
 tenured generation   total 26060K, used 18892K [0x00000000f5550000, 0x00000000f6ec3000, 0x0000000100000000)
   the space 26060K,  72% used [0x00000000f5550000, 0x00000000f67c31e0, 0x00000000f67c3200, 0x00000000f6ec3000)
 Metaspace       used 52385K, committed 52800K, reserved 1114112K
  class space    used 6271K, committed 6464K, reserved 1048576K
}
Event: 17.263 GC heap after
{Heap after GC invocations=33 (full 2):
 def new generation   total 11776K, used 1200K [0x00000000f0000000, 0x00000000f0cc0000, 0x00000000f5550000)
  eden space 10496K,   0% used [0x00000000f0000000, 0x00000000f0000000, 0x00000000f0a40000)
  from space 1280K,  93% used [0x00000000f0a40000, 0x00000000f0b6c268, 0x00000000f0b80000)
  to   space 1280K,   0% used [0x00000000f0b80000, 0x00000000f0b80000, 0x00000000f0cc0000)
 tenured generation   total 26060K, used 19411K [0x00000000f5550000, 0x00000000f6ec3000, 0x0000000100000000)
   the space 26060K,  74% used [0x00000000f5550000, 0x00000000f6844e28, 0x00000000f6845000, 0x00000000f6ec3000)
 Metaspace       used 52385K, committed 52800K, reserved 1114112K
  class space    used 6271K, committed 6464K, reserved 1048576K
}
Event: 17.569 GC heap before
{Heap before GC invocations=33 (full 2):
 def new generation   total 11776K, used 11696K [0x00000000f0000000, 0x00000000f0cc0000, 0x00000000f5550000)
  eden space 10496K, 100% used [0x00000000f0000000, 0x00000000f0a40000, 0x00000000f0a40000)
  from space 1280K,  93% used [0x00000000f0a40000, 0x00000000f0b6c268, 0x00000000f0b80000)
  to   space 1280K,   0% used [0x00000000f0b80000, 0x00000000f0b80000, 0x00000000f0cc0000)
 tenured generation   total 26060K, used 19411K [0x00000000f5550000, 0x00000000f6ec3000, 0x0000000100000000)
   the space 26060K,  74% used [0x00000000f5550000, 0x00000000f6844e28, 0x00000000f6845000, 0x00000000f6ec3000)
 Metaspace       used 54710K, committed 55104K, reserved 1114112K
  class space    used 6636K, committed 6848K, reserved 1048576K
}
Event: 17.576 GC heap after
{Heap after GC invocations=34 (full 2):
 def new generation   total 11776K, used 722K [0x00000000f0000000, 0x00000000f0cc0000, 0x00000000f5550000)
  eden space 10496K,   0% used [0x00000000f0000000, 0x00000000f0000000, 0x00000000f0a40000)
  from space 1280K,  56% used [0x00000000f0b80000, 0x00000000f0c34a38, 0x00000000f0cc0000)
  to   space 1280K,   0% used [0x00000000f0a40000, 0x00000000f0a40000, 0x00000000f0b80000)
 tenured generation   total 26060K, used 20602K [0x00000000f5550000, 0x00000000f6ec3000, 0x0000000100000000)
   the space 26060K,  79% used [0x00000000f5550000, 0x00000000f696e8d8, 0x00000000f696ea00, 0x00000000f6ec3000)
 Metaspace       used 54710K, committed 55104K, reserved 1114112K
  class space    used 6636K, committed 6848K, reserved 1048576K
}
Event: 17.990 GC heap before
{Heap before GC invocations=34 (full 2):
 def new generation   total 11776K, used 11218K [0x00000000f0000000, 0x00000000f0cc0000, 0x00000000f5550000)
  eden space 10496K, 100% used [0x00000000f0000000, 0x00000000f0a40000, 0x00000000f0a40000)
  from space 1280K,  56% used [0x00000000f0b80000, 0x00000000f0c34a38, 0x00000000f0cc0000)
  to   space 1280K,   0% used [0x00000000f0a40000, 0x00000000f0a40000, 0x00000000f0b80000)
 tenured generation   total 26060K, used 20602K [0x00000000f5550000, 0x00000000f6ec3000, 0x0000000100000000)
   the space 26060K,  79% used [0x00000000f5550000, 0x00000000f696e8d8, 0x00000000f696ea00, 0x00000000f6ec3000)
 Metaspace       used 57614K, committed 58112K, reserved 1114112K
  class space    used 7132K, committed 7360K, reserved 1048576K
}
Event: 17.996 GC heap after
{Heap after GC invocations=35 (full 2):
 def new generation   total 11776K, used 466K [0x00000000f0000000, 0x00000000f0cc0000, 0x00000000f5550000)
  eden space 10496K,   0% used [0x00000000f0000000, 0x00000000f0000000, 0x00000000f0a40000)
  from space 1280K,  36% used [0x00000000f0a40000, 0x00000000f0ab4a50, 0x00000000f0b80000)
  to   space 1280K,   0% used [0x00000000f0b80000, 0x00000000f0b80000, 0x00000000f0cc0000)
 tenured generation   total 26060K, used 21312K [0x00000000f5550000, 0x00000000f6ec3000, 0x0000000100000000)
   the space 26060K,  81% used [0x00000000f5550000, 0x00000000f6a20060, 0x00000000f6a20200, 0x00000000f6ec3000)
 Metaspace       used 57614K, committed 58112K, reserved 1114112K
  class space    used 7132K, committed 7360K, reserved 1048576K
}
Event: 18.190 GC heap before
{Heap before GC invocations=35 (full 2):
 def new generation   total 11776K, used 6553K [0x00000000f0000000, 0x00000000f0cc0000, 0x00000000f5550000)
  eden space 10496K,  57% used [0x00000000f0000000, 0x00000000f05f1c68, 0x00000000f0a40000)
  from space 1280K,  36% used [0x00000000f0a40000, 0x00000000f0ab4a50, 0x00000000f0b80000)
  to   space 1280K,   0% used [0x00000000f0b80000, 0x00000000f0b80000, 0x00000000f0cc0000)
 tenured generation   total 26060K, used 21312K [0x00000000f5550000, 0x00000000f6ec3000, 0x0000000100000000)
   the space 26060K,  81% used [0x00000000f5550000, 0x00000000f6a20060, 0x00000000f6a20200, 0x00000000f6ec3000)
 Metaspace       used 59348K, committed 59776K, reserved 1114112K
  class space    used 7374K, committed 7616K, reserved 1048576K
}
Event: 18.256 GC heap after
{Heap after GC invocations=36 (full 3):
 def new generation   total 16704K, used 0K [0x00000000f0000000, 0x00000000f1210000, 0x00000000f5550000)
  eden space 14912K,   0% used [0x00000000f0000000, 0x00000000f0000000, 0x00000000f0e90000)
  from space 1792K,   0% used [0x00000000f0e90000, 0x00000000f0e90000, 0x00000000f1050000)
  to   space 1792K,   0% used [0x00000000f1050000, 0x00000000f1050000, 0x00000000f1210000)
 tenured generation   total 36840K, used 22102K [0x00000000f5550000, 0x00000000f794a000, 0x0000000100000000)
   the space 36840K,  59% used [0x00000000f5550000, 0x00000000f6ae5810, 0x00000000f6ae5a00, 0x00000000f794a000)
 Metaspace       used 59348K, committed 59776K, reserved 1114112K
  class space    used 7374K, committed 7616K, reserved 1048576K
}
Event: 19.614 GC heap before
{Heap before GC invocations=36 (full 3):
 def new generation   total 16704K, used 14912K [0x00000000f0000000, 0x00000000f1210000, 0x00000000f5550000)
  eden space 14912K, 100% used [0x00000000f0000000, 0x00000000f0e90000, 0x00000000f0e90000)
  from space 1792K,   0% used [0x00000000f0e90000, 0x00000000f0e90000, 0x00000000f1050000)
  to   space 1792K,   0% used [0x00000000f1050000, 0x00000000f1050000, 0x00000000f1210000)
 tenured generation   total 36840K, used 22102K [0x00000000f5550000, 0x00000000f794a000, 0x0000000100000000)
   the space 36840K,  59% used [0x00000000f5550000, 0x00000000f6ae5810, 0x00000000f6ae5a00, 0x00000000f794a000)
 Metaspace       used 62368K, committed 62848K, reserved 1114112K
  class space    used 7765K, committed 8000K, reserved 1048576K
}
Event: 19.620 GC heap after
{Heap after GC invocations=37 (full 3):
 def new generation   total 16704K, used 1224K [0x00000000f0000000, 0x00000000f1210000, 0x00000000f5550000)
  eden space 14912K,   0% used [0x00000000f0000000, 0x00000000f0000000, 0x00000000f0e90000)
  from space 1792K,  68% used [0x00000000f1050000, 0x00000000f1182270, 0x00000000f1210000)
  to   space 1792K,   0% used [0x00000000f0e90000, 0x00000000f0e90000, 0x00000000f1050000)
 tenured generation   total 36840K, used 22102K [0x00000000f5550000, 0x00000000f794a000, 0x0000000100000000)
   the space 36840K,  59% used [0x00000000f5550000, 0x00000000f6ae5810, 0x00000000f6ae5a00, 0x00000000f794a000)
 Metaspace       used 62368K, committed 62848K, reserved 1114112K
  class space    used 7765K, committed 8000K, reserved 1048576K
}

Deoptimization events (20 events):
Event: 19.166 Thread 0x00000217c3cc4750 DEOPT PACKING pc=0x00000217b76bb928 sp=0x000000a42e5fc000
Event: 19.166 Thread 0x00000217c3cc4750 DEOPT UNPACKING pc=0x00000217afbe20a3 sp=0x000000a42e5fbf88 mode 2
Event: 19.166 Thread 0x00000217c3cc4750 Uncommon trap: trap_request=0xffffffde fr.pc=0x00000217b76bb928 relative=0x0000000000000108
Event: 19.166 Thread 0x00000217c3cc4750 Uncommon trap: reason=class_check action=maybe_recompile pc=0x00000217b76bb928 method=java.lang.reflect.Method.equals(Ljava/lang/Object;)Z @ 1 c2
Event: 19.166 Thread 0x00000217c3cc4750 DEOPT PACKING pc=0x00000217b76bb928 sp=0x000000a42e5fc000
Event: 19.166 Thread 0x00000217c3cc4750 DEOPT UNPACKING pc=0x00000217afbe20a3 sp=0x000000a42e5fbf88 mode 2
Event: 19.311 Thread 0x00000217c3cc4750 Uncommon trap: trap_request=0xffffff45 fr.pc=0x00000217b76bfc7c relative=0x00000000000000dc
Event: 19.311 Thread 0x00000217c3cc4750 Uncommon trap: reason=unstable_if action=reinterpret pc=0x00000217b76bfc7c method=java.lang.AbstractStringBuilder.charAt(I)C @ 12 c2
Event: 19.311 Thread 0x00000217c3cc4750 DEOPT PACKING pc=0x00000217b76bfc7c sp=0x000000a42e5fd690
Event: 19.311 Thread 0x00000217c3cc4750 DEOPT UNPACKING pc=0x00000217afbe20a3 sp=0x000000a42e5fd5c8 mode 2
Event: 19.312 Thread 0x00000217c3cc4750 Uncommon trap: trap_request=0xffffff45 fr.pc=0x00000217b76c007c relative=0x00000000000000dc
Event: 19.312 Thread 0x00000217c3cc4750 Uncommon trap: reason=unstable_if action=reinterpret pc=0x00000217b76c007c method=java.lang.AbstractStringBuilder.charAt(I)C @ 12 c2
Event: 19.312 Thread 0x00000217c3cc4750 DEOPT PACKING pc=0x00000217b76c007c sp=0x000000a42e5fd630
Event: 19.312 Thread 0x00000217c3cc4750 DEOPT UNPACKING pc=0x00000217afbe20a3 sp=0x000000a42e5fd5d0 mode 2
Event: 19.402 Thread 0x00000217c3cc4750 DEOPT PACKING pc=0x00000217b02a8059 sp=0x000000a42e5fd620
Event: 19.402 Thread 0x00000217c3cc4750 DEOPT UNPACKING pc=0x00000217afbe2843 sp=0x000000a42e5fcb00 mode 0
Event: 19.612 Thread 0x00000217c3cc4750 Uncommon trap: trap_request=0xffffff45 fr.pc=0x00000217b7724480 relative=0x00000000000000e0
Event: 19.612 Thread 0x00000217c3cc4750 Uncommon trap: reason=unstable_if action=reinterpret pc=0x00000217b7724480 method=org.springframework.util.ObjectUtils.nullSafeEquals(Ljava/lang/Object;Ljava/lang/Object;)Z @ 12 c2
Event: 19.612 Thread 0x00000217c3cc4750 DEOPT PACKING pc=0x00000217b7724480 sp=0x000000a42e5fd650
Event: 19.613 Thread 0x00000217c3cc4750 DEOPT UNPACKING pc=0x00000217afbe20a3 sp=0x000000a42e5fd5f0 mode 2

Classes loaded (20 events):
Event: 19.077 Loading class java/util/IdentityHashMap$KeyIterator
Event: 19.077 Loading class java/util/IdentityHashMap$KeyIterator done
Event: 19.118 Loading class java/lang/ObjectCustomizer
Event: 19.118 Loading class java/lang/ObjectCustomizer done
Event: 19.118 Loading class java/lang/ObjectCustomizer
Event: 19.118 Loading class java/lang/ObjectCustomizer done
Event: 19.194 Loading class java/lang/ObjectCustomizer
Event: 19.194 Loading class java/lang/ObjectCustomizer done
Event: 19.194 Loading class java/lang/ObjectCustomizer
Event: 19.194 Loading class java/lang/ObjectCustomizer done
Event: 19.197 Loading class sun/reflect/generics/repository/FieldRepository
Event: 19.197 Loading class sun/reflect/generics/repository/FieldRepository done
Event: 19.272 Loading class java/util/Base64
Event: 19.273 Loading class java/util/Base64 done
Event: 19.273 Loading class java/util/Base64$Encoder
Event: 19.273 Loading class java/util/Base64$Encoder done
Event: 19.274 Loading class sun/security/provider/MD5
Event: 19.275 Loading class sun/security/provider/MD5 done
Event: 19.278 Loading class java/nio/StringCharBuffer
Event: 19.279 Loading class java/nio/StringCharBuffer done

Classes unloaded (0 events):
No events

Classes redefined (0 events):
No events

Internal exceptions (20 events):
Event: 18.673 Thread 0x00000217c3cc4750 Exception <a 'java/lang/ClassNotFoundException'{0x00000000f076b0a8}: org/springframework/security/config/annotation/authentication/configuration/AuthenticationConfigurationCustomizer> (0x00000000f076b0a8) 
thrown [s\src\hotspot\share\classfile\systemDictionary.cpp, line 255]
Event: 19.118 Thread 0x00000217c3cc4750 Exception <a 'java/lang/ClassNotFoundException'{0x00000000f089ff48}: java/lang/ObjectCustomizer> (0x00000000f089ff48) 
thrown [s\src\hotspot\share\classfile\systemDictionary.cpp, line 255]
Event: 19.120 Thread 0x00000217c3cc4750 Exception <a 'java/lang/ClassNotFoundException'{0x00000000f08a7d00}: org/springframework/web/servlet/config/annotation/WebMvcConfigurationSupportCustomizer> (0x00000000f08a7d00) 
thrown [s\src\hotspot\share\classfile\systemDictionary.cpp, line 255]
Event: 19.123 Thread 0x00000217c3cc4750 Exception <a 'java/lang/ClassNotFoundException'{0x00000000f08bbe90}: org/springframework/web/servlet/config/annotation/DelegatingWebMvcConfigurationCustomizer> (0x00000000f08bbe90) 
thrown [s\src\hotspot\share\classfile\systemDictionary.cpp, line 255]
Event: 19.124 Thread 0x00000217c3cc4750 Exception <a 'java/lang/ClassNotFoundException'{0x00000000f08c5248}: org/springframework/boot/autoconfigure/web/servlet/WebMvcAutoConfiguration$EnableWebMvcConfigurationCustomizer> (0x00000000f08c5248) 
thrown [s\src\hotspot\share\classfile\systemDictionary.cpp, line 255]
Event: 19.127 Thread 0x00000217c3cc4750 Exception <a 'java/lang/ClassNotFoundException'{0x00000000f08d8768}: org/springframework/context/ResourceLoaderAwareCustomizer> (0x00000000f08d8768) 
thrown [s\src\hotspot\share\classfile\systemDictionary.cpp, line 255]
Event: 19.128 Thread 0x00000217c3cc4750 Exception <a 'java/lang/ClassNotFoundException'{0x00000000f08dd4c0}: org/springframework/beans/factory/AwareCustomizer> (0x00000000f08dd4c0) 
thrown [s\src\hotspot\share\classfile\systemDictionary.cpp, line 255]
Event: 19.129 Thread 0x00000217c3cc4750 Exception <a 'java/lang/ClassNotFoundException'{0x00000000f08e18e8}: org/springframework/context/ApplicationContextAwareCustomizer> (0x00000000f08e18e8) 
thrown [s\src\hotspot\share\classfile\systemDictionary.cpp, line 255]
Event: 19.130 Thread 0x00000217c3cc4750 Exception <a 'java/lang/ClassNotFoundException'{0x00000000f08e7120}: org/springframework/beans/factory/AwareCustomizer> (0x00000000f08e7120) 
thrown [s\src\hotspot\share\classfile\systemDictionary.cpp, line 255]
Event: 19.130 Thread 0x00000217c3cc4750 Exception <a 'java/lang/ClassNotFoundException'{0x00000000f08eb780}: org/springframework/web/context/ServletContextAwareCustomizer> (0x00000000f08eb780) 
thrown [s\src\hotspot\share\classfile\systemDictionary.cpp, line 255]
Event: 19.130 Thread 0x00000217c3cc4750 Exception <a 'java/lang/ClassNotFoundException'{0x00000000f08f0910}: org/springframework/beans/factory/AwareCustomizer> (0x00000000f08f0910) 
thrown [s\src\hotspot\share\classfile\systemDictionary.cpp, line 255]
Event: 19.133 Thread 0x00000217c3cc4750 Exception <a 'java/lang/NoSuchMethodError'{0x00000000f09107e0}: 'java.lang.Object java.lang.invoke.DirectMethodHandle$Holder.newInvokeSpecial(java.lang.Object, java.lang.Object, java.lang.Object, java.lang.Object, java.lang.Object, java.lang.Object, java.lang.Object, java.lang.Object)'> (0x00000000f09107e0) 
thrown [s\src\hotspot\share\interpreter\linkResolver.cpp, line 766]
Event: 19.133 Thread 0x00000217c3cc4750 Exception <a 'java/lang/NoSuchMethodError'{0x00000000f0915e48}: 'java.lang.Object java.lang.invoke.DirectMethodHandle$Holder.invokeSpecial(java.lang.Object, java.lang.Object, java.lang.Object, java.lang.Object, java.lang.Object, java.lang.Object, java.lang.Object, java.lang.Object, java.lang.Object)'> (0x00000000f0915e48) 
thrown [s\src\hotspot\share\interpreter\linkResolver.cpp, line 766]
Event: 19.194 Thread 0x00000217c3cc4750 Exception <a 'java/lang/ClassNotFoundException'{0x00000000f0a73068}: java/lang/ObjectCustomizer> (0x00000000f0a73068) 
thrown [s\src\hotspot\share\classfile\systemDictionary.cpp, line 255]
Event: 19.195 Thread 0x00000217c3cc4750 Exception <a 'java/lang/ClassNotFoundException'{0x00000000f0a7a700}: org/springframework/security/config/annotation/web/configuration/WebSecurityConfigurationCustomizer> (0x00000000f0a7a700) 
thrown [s\src\hotspot\share\classfile\systemDictionary.cpp, line 255]
Event: 19.196 Thread 0x00000217c3cc4750 Exception <a 'java/lang/ClassNotFoundException'{0x00000000f0a88998}: org/springframework/context/annotation/ImportAwareCustomizer> (0x00000000f0a88998) 
thrown [s\src\hotspot\share\classfile\systemDictionary.cpp, line 255]
Event: 19.196 Thread 0x00000217c3cc4750 Exception <a 'java/lang/ClassNotFoundException'{0x00000000f0a8cf40}: org/springframework/beans/factory/AwareCustomizer> (0x00000000f0a8cf40) 
thrown [s\src\hotspot\share\classfile\systemDictionary.cpp, line 255]
Event: 19.196 Thread 0x00000217c3cc4750 Exception <a 'java/lang/ClassNotFoundException'{0x00000000f0a90968}: org/springframework/beans/factory/BeanClassLoaderAwareCustomizer> (0x00000000f0a90968) 
thrown [s\src\hotspot\share\classfile\systemDictionary.cpp, line 255]
Event: 19.197 Thread 0x00000217c3cc4750 Exception <a 'java/lang/ClassNotFoundException'{0x00000000f0a94ef0}: org/springframework/beans/factory/AwareCustomizer> (0x00000000f0a94ef0) 
thrown [s\src\hotspot\share\classfile\systemDictionary.cpp, line 255]
Event: 19.612 Thread 0x00000217c3cc4750 Implicit null exception at 0x00000217b77243bd to 0x00000217b772446e

VM Operations (20 events):
Event: 15.848 Executing VM operation: GenCollectForAllocation
Event: 15.854 Executing VM operation: GenCollectForAllocation done
Event: 16.855 Executing VM operation: Cleanup
Event: 16.857 Executing VM operation: Cleanup done
Event: 16.947 Executing VM operation: GenCollectForAllocation
Event: 16.952 Executing VM operation: GenCollectForAllocation done
Event: 17.257 Executing VM operation: GenCollectForAllocation
Event: 17.264 Executing VM operation: GenCollectForAllocation done
Event: 17.569 Executing VM operation: GenCollectForAllocation
Event: 17.576 Executing VM operation: GenCollectForAllocation done
Event: 17.990 Executing VM operation: GenCollectForAllocation
Event: 17.996 Executing VM operation: GenCollectForAllocation done
Event: 18.190 Executing VM operation: CollectForMetadataAllocation
Event: 18.257 Executing VM operation: CollectForMetadataAllocation done
Event: 19.279 Executing VM operation: HandshakeAllThreads
Event: 19.279 Executing VM operation: HandshakeAllThreads done
Event: 19.279 Executing VM operation: Cleanup
Event: 19.279 Executing VM operation: Cleanup done
Event: 19.614 Executing VM operation: GenCollectForAllocation
Event: 19.620 Executing VM operation: GenCollectForAllocation done

Events (20 events):
Event: 14.149 Thread 0x00000217befcabd0 flushing nmethod 0x00000217b09ae610
Event: 14.149 Thread 0x00000217befcabd0 flushing nmethod 0x00000217b09af590
Event: 14.149 Thread 0x00000217befcabd0 flushing nmethod 0x00000217b09c5c10
Event: 14.149 Thread 0x00000217befcabd0 flushing nmethod 0x00000217b09c7690
Event: 14.149 Thread 0x00000217befcabd0 flushing nmethod 0x00000217b09c7c10
Event: 14.149 Thread 0x00000217befcabd0 flushing nmethod 0x00000217b09c8810
Event: 14.149 Thread 0x00000217befcabd0 flushing nmethod 0x00000217b09ca790
Event: 14.149 Thread 0x00000217befcabd0 flushing nmethod 0x00000217b09cb590
Event: 14.149 Thread 0x00000217befcabd0 flushing nmethod 0x00000217b09cb910
Event: 14.149 Thread 0x00000217befcabd0 flushing nmethod 0x00000217b09cc710
Event: 14.149 Thread 0x00000217befcabd0 flushing nmethod 0x00000217b09ccd90
Event: 14.149 Thread 0x00000217befcabd0 flushing nmethod 0x00000217b09cd510
Event: 14.149 Thread 0x00000217befcabd0 flushing nmethod 0x00000217b09cf190
Event: 14.149 Thread 0x00000217befcabd0 flushing nmethod 0x00000217b09f3910
Event: 14.149 Thread 0x00000217befcabd0 flushing nmethod 0x00000217b09f6690
Event: 14.150 Thread 0x00000217befcabd0 flushing nmethod 0x00000217b0a4f710
Event: 14.907 Thread 0x00000217c3c0d420 Thread added: 0x00000217c3c0d420
Event: 14.919 Thread 0x00000217c3c0e290 Thread added: 0x00000217c3c0e290
Event: 14.936 Thread 0x00000217c3c0d8f0 Thread added: 0x00000217c3c0d8f0
Event: 19.077 Thread 0x00000217c3c0c5b0 Thread exited: 0x00000217c3c0c5b0


Dynamic libraries:
0x00007ff60a9c0000 - 0x00007ff60a9ce000 	C:\Users\Administrator\.p2\pool\plugins\org.eclipse.justj.openjdk.hotspot.jre.full.win32.x86_64_18.0.1.v20220515-1614\jre\bin\javaw.exe
0x00007ffe123a0000 - 0x00007ffe1258d000 	C:\Windows\SYSTEM32\ntdll.dll
0x00007ffe107b0000 - 0x00007ffe10863000 	C:\Windows\System32\KERNEL32.DLL
0x00007ffe0e430000 - 0x00007ffe0e6c4000 	C:\Windows\System32\KERNELBASE.dll
0x00007ffe0e790000 - 0x00007ffe0e88a000 	C:\Windows\System32\ucrtbase.dll
0x00007ffdfaf50000 - 0x00007ffdfaf67000 	C:\Users\Administrator\.p2\pool\plugins\org.eclipse.justj.openjdk.hotspot.jre.full.win32.x86_64_18.0.1.v20220515-1614\jre\bin\jli.dll
0x00007ffdfaeb0000 - 0x00007ffdfaec9000 	C:\Users\Administrator\.p2\pool\plugins\org.eclipse.justj.openjdk.hotspot.jre.full.win32.x86_64_18.0.1.v20220515-1614\jre\bin\VCRUNTIME140.dll
0x00007ffe0f5d0000 - 0x00007ffe0f767000 	C:\Windows\System32\USER32.dll
0x00007ffe0e750000 - 0x00007ffe0e770000 	C:\Windows\System32\win32u.dll
0x00007ffe10110000 - 0x00007ffe10139000 	C:\Windows\System32\GDI32.dll
0x00007ffe0e930000 - 0x00007ffe0eacc000 	C:\Windows\System32\gdi32full.dll
0x00007ffe04390000 - 0x00007ffe04609000 	C:\Windows\WinSxS\amd64_microsoft.windows.common-controls_6595b64144ccf1df_6.0.17763.2928_none_de6f2d70534d3d29\COMCTL32.dll
0x00007ffe0e890000 - 0x00007ffe0e930000 	C:\Windows\System32\msvcp_win.dll
0x00007ffe0fc90000 - 0x00007ffe0fd2e000 	C:\Windows\System32\msvcrt.dll
0x00007ffe0fde0000 - 0x00007ffe1010d000 	C:\Windows\System32\combase.dll
0x00007ffe11f80000 - 0x00007ffe1209d000 	C:\Windows\System32\RPCRT4.dll
0x00007ffe0f420000 - 0x00007ffe0f4a2000 	C:\Windows\System32\bcryptPrimitives.dll
0x00007ffe10780000 - 0x00007ffe107ae000 	C:\Windows\System32\IMM32.DLL
0x00007ffdfaf80000 - 0x00007ffdfaf8c000 	C:\Users\Administrator\.p2\pool\plugins\org.eclipse.justj.openjdk.hotspot.jre.full.win32.x86_64_18.0.1.v20220515-1614\jre\bin\vcruntime140_1.dll
0x00007ffdfac60000 - 0x00007ffdfacf1000 	C:\Users\Administrator\.p2\pool\plugins\org.eclipse.justj.openjdk.hotspot.jre.full.win32.x86_64_18.0.1.v20220515-1614\jre\bin\msvcp140.dll
0x00007ffde1410000 - 0x00007ffde2099000 	C:\Users\Administrator\.p2\pool\plugins\org.eclipse.justj.openjdk.hotspot.jre.full.win32.x86_64_18.0.1.v20220515-1614\jre\bin\server\jvm.dll
0x00007ffe122b0000 - 0x00007ffe12357000 	C:\Windows\System32\ADVAPI32.dll
0x00007ffe0fd40000 - 0x00007ffe0fddf000 	C:\Windows\System32\sechost.dll
0x00007ffe109a0000 - 0x00007ffe109a8000 	C:\Windows\System32\PSAPI.DLL
0x00007ffe03620000 - 0x00007ffe03629000 	C:\Windows\SYSTEM32\WSOCK32.dll
0x00007ffe0c570000 - 0x00007ffe0c594000 	C:\Windows\SYSTEM32\WINMM.dll
0x00007ffe11f10000 - 0x00007ffe11f7d000 	C:\Windows\System32\WS2_32.dll
0x00007ffe039f0000 - 0x00007ffe039fa000 	C:\Windows\SYSTEM32\VERSION.dll
0x00007ffe0c540000 - 0x00007ffe0c56d000 	C:\Windows\SYSTEM32\WINMMBASE.dll
0x00007ffe0e700000 - 0x00007ffe0e74a000 	C:\Windows\System32\cfgmgr32.dll
0x00007ffe0e3e0000 - 0x00007ffe0e3f1000 	C:\Windows\System32\kernel.appcore.dll
0x00007ffdfae50000 - 0x00007ffdfae5a000 	C:\Users\Administrator\.p2\pool\plugins\org.eclipse.justj.openjdk.hotspot.jre.full.win32.x86_64_18.0.1.v20220515-1614\jre\bin\jimage.dll
0x00007ffe05160000 - 0x00007ffe0534d000 	C:\Windows\SYSTEM32\DBGHELP.DLL
0x00007ffe050f0000 - 0x00007ffe0511a000 	C:\Windows\SYSTEM32\dbgcore.DLL
0x00007ffdfadb0000 - 0x00007ffdfadd5000 	C:\Users\Administrator\.p2\pool\plugins\org.eclipse.justj.openjdk.hotspot.jre.full.win32.x86_64_18.0.1.v20220515-1614\jre\bin\java.dll
0x00007ffdfae20000 - 0x00007ffdfae38000 	C:\Users\Administrator\.p2\pool\plugins\org.eclipse.justj.openjdk.hotspot.jre.full.win32.x86_64_18.0.1.v20220515-1614\jre\bin\zip.dll
0x00007ffe10a10000 - 0x00007ffe11f09000 	C:\Windows\System32\SHELL32.dll
0x00007ffe0f880000 - 0x00007ffe0f928000 	C:\Windows\System32\shcore.dll
0x00007ffe0ead0000 - 0x00007ffe0f218000 	C:\Windows\System32\windows.storage.dll
0x00007ffe0e400000 - 0x00007ffe0e424000 	C:\Windows\System32\profapi.dll
0x00007ffe0e380000 - 0x00007ffe0e3dd000 	C:\Windows\System32\powrprof.dll
0x00007ffe12250000 - 0x00007ffe122a2000 	C:\Windows\System32\shlwapi.dll
0x00007ffe0e770000 - 0x00007ffe0e787000 	C:\Windows\System32\cryptsp.dll
0x00007ffdfae00000 - 0x00007ffdfae13000 	C:\Users\Administrator\.p2\pool\plugins\org.eclipse.justj.openjdk.hotspot.jre.full.win32.x86_64_18.0.1.v20220515-1614\jre\bin\net.dll
0x00007ffe05c20000 - 0x00007ffe05d11000 	C:\Windows\SYSTEM32\WINHTTP.dll
0x00007ffe0db50000 - 0x00007ffe0dbb7000 	C:\Windows\system32\mswsock.dll
0x00007ffdfade0000 - 0x00007ffdfadf6000 	C:\Users\Administrator\.p2\pool\plugins\org.eclipse.justj.openjdk.hotspot.jre.full.win32.x86_64_18.0.1.v20220515-1614\jre\bin\nio.dll
0x00007ffdfada0000 - 0x00007ffdfadb0000 	C:\Users\Administrator\.p2\pool\plugins\org.eclipse.justj.openjdk.hotspot.jre.full.win32.x86_64_18.0.1.v20220515-1614\jre\bin\verify.dll
0x00007ffdfaf30000 - 0x00007ffdfaf39000 	C:\Users\Administrator\.p2\pool\plugins\org.eclipse.justj.openjdk.hotspot.jre.full.win32.x86_64_18.0.1.v20220515-1614\jre\bin\management.dll
0x00007ffdfaf20000 - 0x00007ffdfaf2b000 	C:\Users\Administrator\.p2\pool\plugins\org.eclipse.justj.openjdk.hotspot.jre.full.win32.x86_64_18.0.1.v20220515-1614\jre\bin\management_ext.dll
0x00007ffdfafd0000 - 0x00007ffdfafe6000 	C:\Windows\system32\napinsp.dll
0x00007ffe0d8a0000 - 0x00007ffe0d966000 	C:\Windows\SYSTEM32\DNSAPI.dll
0x00007ffe12360000 - 0x00007ffe12368000 	C:\Windows\System32\NSI.dll
0x00007ffe0d860000 - 0x00007ffe0d89e000 	C:\Windows\SYSTEM32\IPHLPAPI.DLL
0x00007ffdfaff0000 - 0x00007ffdfaffe000 	C:\Windows\System32\winrnr.dll
0x00007ffe05720000 - 0x00007ffe0573b000 	C:\Windows\system32\NLAapi.dll
0x00007ffdfc530000 - 0x00007ffdfc545000 	C:\Windows\system32\wshbth.dll
0x00007ffe03ed0000 - 0x00007ffe03eda000 	C:\Windows\System32\rasadhlp.dll
0x00007ffe04a10000 - 0x00007ffe04a89000 	C:\Windows\System32\fwpuclnt.dll
0x00007ffe0e6d0000 - 0x00007ffe0e6f6000 	C:\Windows\System32\bcrypt.dll
0x00007ffe0d6d0000 - 0x00007ffe0d703000 	C:\Windows\system32\rsaenh.dll
0x00007ffe0e290000 - 0x00007ffe0e2b9000 	C:\Windows\SYSTEM32\USERENV.dll
0x00007ffe0dd20000 - 0x00007ffe0dd2c000 	C:\Windows\SYSTEM32\CRYPTBASE.dll
0x00007ffe05140000 - 0x00007ffe05156000 	C:\Windows\SYSTEM32\dhcpcsvc6.DLL
0x00007ffe04ff0000 - 0x00007ffe0500c000 	C:\Windows\SYSTEM32\dhcpcsvc.DLL
0x00007ffdfaf40000 - 0x00007ffdfaf4e000 	C:\Users\Administrator\.p2\pool\plugins\org.eclipse.justj.openjdk.hotspot.jre.full.win32.x86_64_18.0.1.v20220515-1614\jre\bin\sunmscapi.dll
0x00007ffe0f220000 - 0x00007ffe0f415000 	C:\Windows\System32\CRYPT32.dll
0x00007ffe0e360000 - 0x00007ffe0e372000 	C:\Windows\System32\MSASN1.dll
0x00007ffe0de20000 - 0x00007ffe0de46000 	C:\Windows\SYSTEM32\ncrypt.dll
0x00007ffe0dde0000 - 0x00007ffe0de1c000 	C:\Windows\SYSTEM32\NTASN1.dll

dbghelp: loaded successfully - version: 4.0.5 - missing functions: none
symbol engine: initialized successfully - sym options: 0x614 - pdb path: .;C:\Users\Administrator\.p2\pool\plugins\org.eclipse.justj.openjdk.hotspot.jre.full.win32.x86_64_18.0.1.v20220515-1614\jre\bin;C:\Windows\SYSTEM32;C:\Windows\WinSxS\amd64_microsoft.windows.common-controls_6595b64144ccf1df_6.0.17763.2928_none_de6f2d70534d3d29;C:\Users\Administrator\.p2\pool\plugins\org.eclipse.justj.openjdk.hotspot.jre.full.win32.x86_64_18.0.1.v20220515-1614\jre\bin\server

VM Arguments:
jvm_args: -Dfile.encoding=UTF-8 -XX:+ShowCodeDetailsInExceptionMessages 
java_command: com.ng.SimpleAppApplication
java_class_path (initial): C:\Users\Administrator\Downloads\Dev-master\Dev-master\SimpleApp\target\classes;C:\Users\Administrator\.m2\repository\org\springframework\boot\spring-boot-starter-web\2.6.7\spring-boot-starter-web-2.6.7.jar;C:\Users\Administrator\.m2\repository\org\springframework\boot\spring-boot-starter\2.6.7\spring-boot-starter-2.6.7.jar;C:\Users\Administrator\.m2\repository\org\springframework\boot\spring-boot-starter-logging\2.6.7\spring-boot-starter-logging-2.6.7.jar;C:\Users\Administrator\.m2\repository\ch\qos\logback\logback-classic\1.2.11\logback-classic-1.2.11.jar;C:\Users\Administrator\.m2\repository\ch\qos\logback\logback-core\1.2.11\logback-core-1.2.11.jar;C:\Users\Administrator\.m2\repository\org\apache\logging\log4j\log4j-to-slf4j\2.17.2\log4j-to-slf4j-2.17.2.jar;C:\Users\Administrator\.m2\repository\org\apache\logging\log4j\log4j-api\2.17.2\log4j-api-2.17.2.jar;C:\Users\Administrator\.m2\repository\org\slf4j\jul-to-slf4j\1.7.36\jul-to-slf4j-1.7.36.jar;C:\Users\Administrator\.m2\repository\jakarta\annotation\jakarta.annotation-api\1.3.5\jakarta.annotation-api-1.3.5.jar;C:\Users\Administrator\.m2\repository\org\yaml\snakeyaml\1.29\snakeyaml-1.29.jar;C:\Users\Administrator\.m2\repository\org\springframework\boot\spring-boot-starter-json\2.6.7\spring-boot-starter-json-2.6.7.jar;C:\Users\Administrator\.m2\repository\com\fasterxml\jackson\core\jackson-databind\2.13.2.1\jackson-databind-2.13.2.1.jar;C:\Users\Administrator\.m2\repository\com\fasterxml\jackson\core\jackson-annotations\2.13.2\jackson-annotations-2.13.2.jar;C:\Users\Administrator\.m2\repository\com\fasterxml\jackson\core\jackson-core\2.13.2\jackson-core-2.13.2.jar;C:\Users\Administrator\.m2\repository\com\fasterxml\jackson\datatype\jackson-datatype-jdk8\2.13.2\jackson-datatype-jdk8-2.13.2.jar;C:\Users\Administrator\.m2\repository\com\fasterxml\jackson\datatype\jackson-datatype-jsr310\2.13.2\jackson-datatype-jsr310-2.13.2.jar;C:\Users\Administrator\.m2\repository\com\fasterxml\jackson\module\jackson-module-parameter-names\2.13.2\jackson-module-parameter-names-2.13.2.jar;C:\Users\Administrator\.m2\repository\org\springframework\boot\spring-boot-starter-tomcat\2.6.7\spring-boot-starter-tomcat-2.6.7.jar;C:\Users\Administrator\.m2\repository\org\apache\tomcat\embed\tomcat-embed-websocket\9.0.62\tomcat-embed-websocket-9.0.62.jar;C:\Users\Administrator\.m2\repository\org\springframework\spring-web\5.3.19\spring-web-5.3.19.jar;C:\Users\Administrator\.m2\repository\org\springframework\spring-beans\5.3.19\spring-beans-5.3.19.jar;C:\Users\Administrator\.m2\repository\org\springframework\spring-webmvc\5.3.19\spring-webmvc-5.3.19.jar;C:\Users\Administrator\.m2\repository\org\springframework\spring-context\5.3.19\spring-context-5.3.19.jar;C:\Users\Administrator\.m2\repository\org\springframework\spring-expression\5.3.19\spring-expression-5.3.19.jar;C:\Users\Administrator\.m2\repository\org\slf4j\slf4j-api\1.7.36\slf4j-api-1.7.36.jar;C:\Users\Administrator\.m2\repository\jakarta\xml\bind\jakarta.xml.bind-api\2.3.3\jakarta.xml.bind-api-2.3.3.jar;C:\Users\Administrator\.m2\repository\jakarta\activation\jakarta.activation-api\1.2.2\jakarta.activation-api-1.2.2.jar;C:\Users\Administrator\.m2\repository\net\bytebuddy\byte-buddy\1.11.22\byte-buddy-1.11.22.jar;C:\Users\Administrator\.m2\repository\org\springframework\spring-core\5.3.19\spring-core-5.3.19.jar;C:\Users\Administrator\.m2\repository\org\springframework\spring-jcl\5.3.19\spring-jcl-5.3.19.jar;C:\Users\Administrator\.m2\repository\org\springframework\boot\spring-boot-devtools\2.6.7\spring-boot-devtools-2.6.7.jar;C:\Users\Administrator\.m2\repository\org\springframework\boot\spring-boot\2.6.7\spring-boot-2.6.7.jar;C:\Users\Administrator\.m2\repository\org\springframework\boot\spring-boot-autoconfigure\2.6.7\spring-boot-autoconfigure-2.6.7.jar;C:\Users\Administrator\.m2\repository\org\springframework\boot\spring-boot-starter-data-jpa\2.6.7\spring-boot-starter-data-jpa-2.6.7.jar;C:\Users\Administrator\.m2\repository\org\springframework\boot\spring-boot-starter-aop\2.6.7\spring-boot-starter-aop-2.6.7.jar;C:\Users\Administrator\.m2\repository\org\aspectj\aspectjweaver\1.9.7\aspectjweaver-1.9.7.jar;C:\Users\Administrator\.m2\repository\org\springframework\boot\spring-boot-starter-jdbc\2.6.7\spring-boot-starter-jdbc-2.6.7.jar;C:\Users\Administrator\.m2\repository\com\zaxxer\HikariCP\4.0.3\HikariCP-4.0.3.jar;C:\Users\Administrator\.m2\repository\org\springframework\spring-jdbc\5.3.19\spring-jdbc-5.3.19.jar;C:\Users\Administrator\.m2\repository\jakarta\transaction\jakarta.transaction-api\1.3.3\jakarta.transaction-api-1.3.3.jar;C:\Users\Administrator\.m2\repository\jakarta\persistence\jakarta.persistence-api\2.2.3\jakarta.persistence-api-2.2.3.jar;C:\Users\Administrator\.m2\repository\org\hibernate\hibernate-core\5.6.8.Final\hibernate-core-5.6.8.Final.jar;C:\Users\Administrator\.m2\repository\antlr\antlr\2.7.7\antlr-2.7.7.jar;C:\Users\Administrator\.m2\repository\org\jboss\jandex\2.4.2.Final\jandex-2.4.2.Final.jar;C:\Users\Administrator\.m2\repository\org\hibernate\common\hibernate-commons-annotations\5.1.2.Final\hibernate-commons-annotations-5.1.2.Final.jar;C:\Users\Administrator\.m2\repository\org\glassfish\jaxb\jaxb-runtime\2.3.6\jaxb-runtime-2.3.6.jar;C:\Users\Administrator\.m2\repository\org\glassfish\jaxb\txw2\2.3.6\txw2-2.3.6.jar;C:\Users\Administrator\.m2\repository\com\sun\istack\istack-commons-runtime\3.0.12\istack-commons-runtime-3.0.12.jar;C:\Users\Administrator\.m2\repository\com\sun\activation\jakarta.activation\1.2.2\jakarta.activation-1.2.2.jar;C:\Users\Administrator\.m2\repository\org\springframework\data\spring-data-jpa\2.6.4\spring-data-jpa-2.6.4.jar;C:\Users\Administrator\.m2\repository\org\springframework\data\spring-data-commons\2.6.4\spring-data-commons-2.6.4.jar;C:\Users\Administrator\.m2\repository\org\springframework\spring-orm\5.3.19\spring-orm-5.3.19.jar;C:\Users\Administrator\.m2\repository\org\springframework\spring-tx\5.3.19\spring-tx-5.3.19.jar;C:\Users\Administrator\.m2\repository\org\springframework\spring-aspects\5.3.19\spring-aspects-5.3.19.jar;C:\Users\Administrator\.m2\repository\org\hibernate\validator\hibernate-validator\6.2.0.Final\hibernate-validator-6.2.0.Final.jar;C:\Users\Administrator\.m2\repository\jakarta\validation\jakarta.validation-api\2.0.2\jakarta.validation-api-2.0.2.jar;C:\Users\Administrator\.m2\repository\org\jboss\logging\jboss-logging\3.4.3.Final\jboss-logging-3.4.3.Final.jar;C:\Users\Administrator\.m2\repository\com\fasterxml\classmate\1.5.1\classmate-1.5.1.jar;C:\Users\Administrator\.m2\repository\com\h2database\h2\2.1.212\h2-2.1.212.jar;C:\Users\Administrator\.m2\repository\org\apache\tomcat\embed\tomcat-embed-jasper\9.0.62\tomcat-embed-jasper-9.0.62.jar;C:\Users\Administrator\.m2\repository\org\apache\tomcat\embed\tomcat-embed-core\9.0.62\tomcat-embed-core-9.0.62.jar;C:\Users\Administrator\.m2\repository\org\apache\tomcat\tomcat-annotations-api\9.0.62\tomcat-annotations-api-9.0.62.jar;C:\Users\Administrator\.m2\repository\org\apache\tomcat\embed\tomcat-embed-el\9.0.62\tomcat-embed-el-9.0.62.jar;C:\Users\Administrator\.m2\repository\org\eclipse\jdt\ecj\3.18.0\ecj-3.18.0.jar;C:\Users\Administrator\.m2\repository\javax\servlet\jstl\1.2\jstl-1.2.jar;C:\Users\Administrator\.m2\repository\org\springframework\boot\spring-boot-starter-security\2.6.7\spring-boot-starter-security-2.6.7.jar;C:\Users\Administrator\.m2\repository\org\springframework\spring-aop\5.3.19\spring-aop-5.3.19.jar;C:\Users\Administrator\.m2\repository\org\springframework\security\spring-security-config\5.6.3\spring-security-config-5.6.3.jar;C:\Users\Administrator\.m2\repository\org\springframework\security\spring-security-core\5.6.3\spring-security-core-5.6.3.jar;C:\Users\Administrator\.m2\repository\org\springframework\security\spring-security-crypto\5.6.3\spring-security-crypto-5.6.3.jar;C:\Users\Administrator\.m2\repository\org\springframework\security\spring-security-web\5.6.3\spring-security-web-5.6.3.jar
Launcher Type: SUN_STANDARD

[Global flags]
     intx CICompilerCount                          = 2                                         {product} {ergonomic}
   size_t InitialHeapSize                          = 16777216                                  {product} {ergonomic}
   size_t MaxHeapSize                              = 268435456                                 {product} {ergonomic}
   size_t MaxNewSize                               = 89456640                                  {product} {ergonomic}
   size_t MinHeapDeltaBytes                        = 196608                                    {product} {ergonomic}
   size_t MinHeapSize                              = 8388608                                   {product} {ergonomic}
   size_t NewSize                                  = 5570560                                   {product} {ergonomic}
    uintx NonNMethodCodeHeapSize                   = 5826188                                {pd product} {ergonomic}
    uintx NonProfiledCodeHeapSize                  = 122916026                              {pd product} {ergonomic}
   size_t OldSize                                  = 11206656                                  {product} {ergonomic}
    uintx ProfiledCodeHeapSize                     = 122916026                              {pd product} {ergonomic}
    uintx ReservedCodeCacheSize                    = 251658240                              {pd product} {ergonomic}
     bool SegmentedCodeCache                       = true                                      {product} {ergonomic}
     bool ShowCodeDetailsInExceptionMessages       = true                                   {manageable} {command line}
   size_t SoftMaxHeapSize                          = 268435456                              {manageable} {ergonomic}
     bool UseCompressedClassPointers               = true                           {product lp64_product} {ergonomic}
     bool UseCompressedOops                        = true                           {product lp64_product} {ergonomic}
     bool UseLargePagesIndividualAllocation        = false                                  {pd product} {ergonomic}
     bool UseSerialGC                              = true                                      {product} {ergonomic}

Logging:
Log output configuration:
 #0: stdout all=warning uptime,level,tags foldmultilines=false
 #1: stderr all=off uptime,level,tags foldmultilines=false

Environment Variables:
JAVA_HOME=C:\Program Files\Java\jdk1.8.0_333
PATH=C:/Users/Administrator/.p2/pool/plugins/org.eclipse.justj.openjdk.hotspot.jre.full.win32.x86_64_18.0.1.v20220515-1614/jre/bin/server;C:/Users/Administrator/.p2/pool/plugins/org.eclipse.justj.openjdk.hotspot.jre.full.win32.x86_64_18.0.1.v20220515-1614/jre/bin;C:\Program Files (x86)\Common Files\Oracle\Java\javapath;C:\Windows\system32;C:\Windows;C:\Windows\System32\Wbem;C:\Windows\System32\WindowsPowerShell\v1.0\;C:\Windows\System32\OpenSSH\;C:\Windows\system32\config\systemprofile\AppData\Local\Microsoft\WindowsApps;C:\Program Files\Amazon\cfn-bootstrap\;C:\Program Files\Docker;C:\Program Files\Docker\Docker\resources\bin;C:\ProgramData\DockerDesktop\version-bin;C:\Program Files\nodejs\;C:\Program Files\Git\cmd;C:\Users\Administrator\AppData\Local\Microsoft\WindowsApps;C:\Users\Administrator\AppData\Roaming\npm;C:\Users\Administrator\AppData\Local\Programs\Microsoft VS Code\bin;C:\apache-maven-3.8.5\bin;C:\Program Files\Java\jdk1.8.0_333\bin;;C:\Users\Administrator\Desktop;
USERNAME=Administrator
OS=Windows_NT
PROCESSOR_IDENTIFIER=Intel64 Family 6 Model 63 Stepping 2, GenuineIntel



---------------  S Y S T E M  ---------------

OS:
 Windows Server 2019 , 64 bit Build 17763 (10.0.17763.2928)
OS uptime: 10 days 18:13 hours
Xen hardware-assisted virtualization detected

CPU: total 1 (initial active 1) (1 cores per cpu, 1 threads per core) family 6 model 63 stepping 2 microcode 0x46, cx8, cmov, fxsr, mmx, sse, sse2, sse3, ssse3, sse4.1, sse4.2, popcnt, lzcnt, tsc, avx, avx2, aes, erms, clmul, bmi1, bmi2, fma, vzeroupper, clflush, hv

Memory: 4k page, system-wide physical 1023M (42M free)
TotalPageFile size 4863M (AvailPageFile size 6M)
current process WorkingSet (physical memory assigned to process): 183M, peak: 183M
current process commit charge ("private bytes"): 196M, peak: 197M

vm_info: OpenJDK 64-Bit Server VM (18.0.1+10) for windows-amd64 JRE (18.0.1+10), built on Apr 20 2022 05:04:48 by "" with MS VC++ 16.7 (VS2019)

END.
