#
# There is insufficient memory for the Java Runtime Environment to continue.
# Native memory allocation (malloc) failed to allocate 1725520 bytes for Chunk::new
# Possible reasons:
#   The system is out of physical RAM or swap space
#   The process is running with CompressedOops enabled, and the Java Heap may be blocking the growth of the native heap
# Possible solutions:
#   Reduce memory load on the system
#   Increase physical memory or swap space
#   Check if swap backing store is full
#   Decrease Java heap size (-Xmx/-Xms)
#   Decrease number of Java threads
#   Decrease Java thread stack sizes (-Xss)
#   Set larger code cache with -XX:ReservedCodeCacheSize=
#   JVM is running with Unscaled Compressed Oops mode in which the Java heap is
#     placed in the first 4GB address space. The Java Heap base address is the
#     maximum limit for the native heap growth. Please use -XX:HeapBaseMinAddress
#     to set the Java Heap base and to place the Java Heap above 4GB virtual address.
# This output file may be truncated or incomplete.
#
#  Out of Memory Error (arena.cpp:184), pid=7000, tid=1472
#
# JRE version: OpenJDK Runtime Environment Temurin-18.0.1+10 (18.0.1+10) (build 18.0.1+10)
# Java VM: OpenJDK 64-Bit Server VM Temurin-18.0.1+10 (18.0.1+10, mixed mode, tiered, compressed oops, compressed class ptrs, serial gc, windows-amd64)
# Core dump will be written. Default location: C:\Users\Administrator\Downloads\Dev-master\Dev-master\SimpleApp\hs_err_pid7000.mdmp
#

---------------  S U M M A R Y ------------

Command Line: -Dfile.encoding=UTF-8 -XX:+ShowCodeDetailsInExceptionMessages com.ng.SimpleAppApplication

Host: Intel(R) Xeon(R) CPU E5-2676 v3 @ 2.40GHz, 1 cores, 1023M,  Windows Server 2019 , 64 bit Build 17763 (10.0.17763.2928)
Time: Fri Jun  3 11:46:12 2022 India Standard Time elapsed time: 19.249247 seconds (0d 0h 0m 19s)

---------------  T H R E A D  ---------------

Current thread (0x000002662ee2f3f0):  JavaThread "C2 CompilerThread0" daemon [_thread_in_native, id=1472, stack(0x000000d23cc00000,0x000000d23cd00000)]


Current CompileTask:
C2:  19249 4832 % !   4       org.springframework.beans.factory.support.DefaultListableBeanFactory::doGetBeanNamesForType @ 20 (511 bytes)

Stack: [0x000000d23cc00000,0x000000d23cd00000]
Native frames: (J=compiled Java code, j=interpreted, Vv=VM code, C=native code)
V  [jvm.dll+0x69cd4a]
V  [jvm.dll+0x84b63d]
V  [jvm.dll+0x84cf4e]
V  [jvm.dll+0x84d603]
V  [jvm.dll+0x25f19f]
V  [jvm.dll+0xba54f]
V  [jvm.dll+0xba8c5]
V  [jvm.dll+0x38887b]
V  [jvm.dll+0x3528e1]
V  [jvm.dll+0x351d8a]
V  [jvm.dll+0x232141]
V  [jvm.dll+0x231511]
V  [jvm.dll+0x1bbd3c]
V  [jvm.dll+0x240faa]
V  [jvm.dll+0x23f275]
V  [jvm.dll+0x7fdcfb]
V  [jvm.dll+0x7f814a]
V  [jvm.dll+0x69bba5]
C  [ucrtbase.dll+0x2268a]
C  [KERNEL32.DLL+0x17974]
C  [ntdll.dll+0x5a2f1]


---------------  P R O C E S S  ---------------

Threads class SMR info:
_java_thread_list=0x0000026647d726e0, length=21, elements={
0x000002662d18bbf0, 0x000002662edf2150, 0x000002662edf3f80, 0x000002662ee21bc0,
0x000002662ee22830, 0x000002662ee235a0, 0x000002662ee270d0, 0x000002662ee2f3f0,
0x000002662ee31130, 0x000002662ee3a5d0, 0x0000026645ce0680, 0x0000026645cebf30,
0x0000026646318580, 0x0000026646425b90, 0x00000266471c7c10, 0x00000266471c9420,
0x00000266471c9dc0, 0x00000266471ca760, 0x00000266471ca290, 0x00000266471cb5d0,
0x00000266471c8f50
}

Java Threads: ( => current thread )
  0x000002662d18bbf0 JavaThread "main" [_thread_blocked, id=6608, stack(0x000000d23c400000,0x000000d23c500000)]
  0x000002662edf2150 JavaThread "Reference Handler" daemon [_thread_blocked, id=6208, stack(0x000000d23c600000,0x000000d23c700000)]
  0x000002662edf3f80 JavaThread "Finalizer" daemon [_thread_blocked, id=5104, stack(0x000000d23c700000,0x000000d23c800000)]
  0x000002662ee21bc0 JavaThread "Signal Dispatcher" daemon [_thread_blocked, id=1728, stack(0x000000d23c800000,0x000000d23c900000)]
  0x000002662ee22830 JavaThread "Attach Listener" daemon [_thread_blocked, id=3224, stack(0x000000d23c900000,0x000000d23ca00000)]
  0x000002662ee235a0 JavaThread "Service Thread" daemon [_thread_blocked, id=7484, stack(0x000000d23ca00000,0x000000d23cb00000)]
  0x000002662ee270d0 JavaThread "Monitor Deflation Thread" daemon [_thread_blocked, id=7720, stack(0x000000d23cb00000,0x000000d23cc00000)]
=>0x000002662ee2f3f0 JavaThread "C2 CompilerThread0" daemon [_thread_in_native, id=1472, stack(0x000000d23cc00000,0x000000d23cd00000)]
  0x000002662ee31130 JavaThread "C1 CompilerThread0" daemon [_thread_blocked, id=7732, stack(0x000000d23cd00000,0x000000d23ce00000)]
  0x000002662ee3a5d0 JavaThread "Sweeper thread" daemon [_thread_blocked, id=3484, stack(0x000000d23ce00000,0x000000d23cf00000)]
  0x0000026645ce0680 JavaThread "Notification Thread" daemon [_thread_blocked, id=7800, stack(0x000000d23cf00000,0x000000d23d000000)]
  0x0000026645cebf30 JavaThread "Common-Cleaner" daemon [_thread_blocked, id=5304, stack(0x000000d23d100000,0x000000d23d200000)]
  0x0000026646318580 JavaThread "Thread-0" [_thread_blocked, id=7424, stack(0x000000d23d200000,0x000000d23d300000)]
  0x0000026646425b90 JavaThread "restartedMain" [_thread_in_native, id=1628, stack(0x000000d23d300000,0x000000d23d400000)]
  0x00000266471c7c10 JavaThread "MVStore background writer C:/Main8/testdb.mv.db" daemon [_thread_blocked, id=5732, stack(0x000000d23d400000,0x000000d23d500000)]
  0x00000266471c9420 JavaThread "HikariPool-1 housekeeper" daemon [_thread_blocked, id=2968, stack(0x000000d23d500000,0x000000d23d600000)]
  0x00000266471c9dc0 JavaThread "H2-serialization" daemon [_thread_blocked, id=5696, stack(0x000000d23d600000,0x000000d23d700000)]
  0x00000266471ca760 JavaThread "H2-save" daemon [_thread_blocked, id=8112, stack(0x000000d23d800000,0x000000d23d900000)]
  0x00000266471ca290 JavaThread "Catalina-utility-1" [_thread_blocked, id=6248, stack(0x000000d23d900000,0x000000d23da00000)]
  0x00000266471cb5d0 JavaThread "Catalina-utility-2" [_thread_blocked, id=5704, stack(0x000000d23da00000,0x000000d23db00000)]
  0x00000266471c8f50 JavaThread "container-0" [_thread_blocked, id=5416, stack(0x000000d23db00000,0x000000d23dc00000)]

Other Threads:
  0x000002662f2e6d00 VMThread "VM Thread" [stack: 0x000000d23c500000,0x000000d23c600000] [id=6268]
  0x0000026645ce6b60 WatcherThread "VM Periodic Task Thread" [stack: 0x000000d23d000000,0x000000d23d100000] [id=7164]

Threads with active compile tasks:
C2 CompilerThread0    19304 4832 % !   4       org.springframework.beans.factory.support.DefaultListableBeanFactory::doGetBeanNamesForType @ 20 (511 bytes)

VM state: not at safepoint (normal execution)

VM Mutex/Monitor currently owned by a thread: None

Heap address: 0x00000000f0000000, size: 256 MB, Compressed Oops mode: 32-bit

CDS archive(s) not mapped
Compressed class space mapped at: 0x0000000100000000-0x0000000140000000, reserved size: 1073741824
Narrow klass base: 0x0000000000000000, Narrow klass shift: 3, Narrow klass range: 0x140000000

GC Precious Log:
 CardTable entry size: 512
 CPUs: 1 total, 1 available
 Memory: 1023M
 Large Page Support: Disabled
 NUMA Support: Disabled
 Compressed Oops: Enabled (32-bit)
 Heap Min Capacity: 8M
 Heap Initial Capacity: 16M
 Heap Max Capacity: 256M
 Pre-touch: Disabled

Heap:
 def new generation   total 16704K, used 6270K [0x00000000f0000000, 0x00000000f1210000, 0x00000000f5550000)
  eden space 14912K,  33% used [0x00000000f0000000, 0x00000000f04eddc0, 0x00000000f0e90000)
  from space 1792K,  68% used [0x00000000f1050000, 0x00000000f1181ae0, 0x00000000f1210000)
  to   space 1792K,   0% used [0x00000000f0e90000, 0x00000000f0e90000, 0x00000000f1050000)
 tenured generation   total 36836K, used 22101K [0x00000000f5550000, 0x00000000f7949000, 0x0000000100000000)
   the space 36836K,  59% used [0x00000000f5550000, 0x00000000f6ae5560, 0x00000000f6ae5600, 0x00000000f7949000)
 Metaspace       used 63290K, committed 63744K, reserved 1114112K
  class space    used 7904K, committed 8128K, reserved 1048576K

Card table byte_map: [0x000002662ebe0000,0x000002662ec70000] _byte_map_base: 0x000002662e460000

Polling page: 0x000002662d020000

Metaspace:

Usage:
  Non-class:     54.09 MB used.
      Class:      7.72 MB used.
       Both:     61.82 MB used.

Virtual space:
  Non-class space:       64.00 MB reserved,      54.31 MB ( 85%) committed,  1 nodes.
      Class space:        1.00 GB reserved,       7.94 MB ( <1%) committed,  1 nodes.
             Both:        1.06 GB reserved,      62.25 MB (  6%) committed. 

Chunk freelists:
   Non-Class:  1.58 MB
       Class:  3.91 MB
        Both:  5.48 MB

MaxMetaspaceSize: unlimited
CompressedClassSpaceSize: 1.00 GB
Initial GC threshold: 21.00 MB
Current GC threshold: 97.31 MB
CDS: off
MetaspaceReclaimPolicy: balanced
 - commit_granule_bytes: 65536.
 - commit_granule_words: 8192.
 - virtual_space_node_default_size: 8388608.
 - enlarge_chunks_in_place: 1.
 - new_chunks_are_fully_committed: 0.
 - uncommit_free_chunks: 1.
 - use_allocation_guard: 0.


Internal statistics:

num_allocs_failed_limit: 9.
num_arena_births: 532.
num_arena_deaths: 0.
num_vsnodes_births: 2.
num_vsnodes_deaths: 0.
num_space_committed: 996.
num_space_uncommitted: 0.
num_chunks_returned_to_freelist: 9.
num_chunks_taken_from_freelist: 2415.
num_chunk_merges: 9.
num_chunk_splits: 1776.
num_chunks_enlarged: 1452.
num_inconsistent_stats: 0.

CodeHeap 'non-profiled nmethods': size=120064Kb used=2352Kb max_used=2352Kb free=117711Kb
 bounds [0x000002663a3d0000, 0x000002663a640000, 0x0000026641910000]
CodeHeap 'profiled nmethods': size=120000Kb used=8457Kb max_used=9522Kb free=111542Kb
 bounds [0x0000026632ea0000, 0x00000266337f0000, 0x000002663a3d0000]
CodeHeap 'non-nmethods': size=5696Kb used=1321Kb max_used=1366Kb free=4374Kb
 bounds [0x0000026632910000, 0x0000026632b80000, 0x0000026632ea0000]
 total_blobs=4760 nmethods=4114 adapters=560
 compilation: enabled
              stopped_count=0, restarted_count=0
 full_count=0

Compilation events (20 events):
Event: 18.652 Thread 0x000002662ee2f3f0 nmethod 4822 0x000002663a4e8910 code [0x000002663a4e8ac0, 0x000002663a4ea158]
Event: 18.744 Thread 0x000002662ee31130 4823   !   3       java.util.regex.Pattern::closure (276 bytes)
Event: 18.745 Thread 0x000002662ee31130 nmethod 4823 0x0000026633428190 code [0x0000026633428580, 0x0000026633429d68]
Event: 18.746 Thread 0x000002662ee31130 4824       3       org.springframework.beans.factory.support.DefaultSingletonBeanRegistry::isCurrentlyInCreation (33 bytes)
Event: 18.746 Thread 0x000002662ee31130 nmethod 4824 0x0000026633266f90 code [0x0000026633267160, 0x00000266332675e8]
Event: 18.746 Thread 0x000002662ee31130 4825       3       org.springframework.beans.factory.support.AbstractBeanFactory::isActuallyInCreation (22 bytes)
Event: 18.746 Thread 0x000002662ee31130 nmethod 4825 0x0000026633266890 code [0x0000026633266a40, 0x0000026633266e38]
Event: 18.853 Thread 0x000002662ee31130 4826       3       org.springframework.aop.aspectj.annotation.AnnotationAwareAspectJAutoProxyCreator::findCandidateAdvisors (28 bytes)
Event: 18.854 Thread 0x000002662ee31130 nmethod 4826 0x0000026633265f10 code [0x0000026633266100, 0x0000026633266698]
Event: 18.854 Thread 0x000002662ee31130 4827       3       org.springframework.aop.framework.autoproxy.AbstractAdvisorAutoProxyCreator$BeanFactoryAdvisorRetrievalHelperAdapter::isEligibleBean (9 bytes)
Event: 18.854 Thread 0x000002662ee31130 nmethod 4827 0x0000026633427b10 code [0x0000026633427ca0, 0x0000026633427e98]
Event: 18.855 Thread 0x000002662ee2f3f0 4828       4       org.springframework.core.BridgeMethodResolver::isVisibilityBridgeMethodPair (52 bytes)
Event: 18.857 Thread 0x000002662ee2f3f0 nmethod 4828 0x000002663a4e8190 code [0x000002663a4e8340, 0x000002663a4e8628]
Event: 18.858 Thread 0x000002662ee31130 4829       3       org.springframework.core.ResolvableType::hasGenerics (14 bytes)
Event: 18.858 Thread 0x000002662ee31130 nmethod 4829 0x0000026633265a90 code [0x0000026633265c40, 0x0000026633265e68]
Event: 19.015 Thread 0x000002662ee2f3f0 4830       4       java.util.HashMap::put (13 bytes)
Event: 19.027 Thread 0x000002662ee2f3f0 nmethod 4830 0x000002663a4d5610 code [0x000002663a4d5800, 0x000002663a4d5dd0]
Event: 19.078 Thread 0x000002662ee31130 4831       3       java.util.Arrays::sort (47 bytes)
Event: 19.078 Thread 0x000002662ee31130 nmethod 4831 0x0000026633265590 code [0x0000026633265760, 0x00000266332659a8]
Event: 19.109 Thread 0x000002662ee2f3f0 4832 % !   4       org.springframework.beans.factory.support.DefaultListableBeanFactory::doGetBeanNamesForType @ 20 (511 bytes)

GC Heap History (20 events):
Event: 13.273 GC heap before
{Heap before GC invocations=27 (full 2):
 def new generation   total 11776K, used 10496K [0x00000000f0000000, 0x00000000f0cc0000, 0x00000000f5550000)
  eden space 10496K, 100% used [0x00000000f0000000, 0x00000000f0a40000, 0x00000000f0a40000)
  from space 1280K,   0% used [0x00000000f0a40000, 0x00000000f0a40000, 0x00000000f0b80000)
  to   space 1280K,   0% used [0x00000000f0b80000, 0x00000000f0b80000, 0x00000000f0cc0000)
 tenured generation   total 26060K, used 15635K [0x00000000f5550000, 0x00000000f6ec3000, 0x0000000100000000)
   the space 26060K,  59% used [0x00000000f5550000, 0x00000000f6494fe8, 0x00000000f6495000, 0x00000000f6ec3000)
 Metaspace       used 38539K, committed 38848K, reserved 1114112K
  class space    used 4333K, committed 4480K, reserved 1048576K
}
Event: 13.286 GC heap after
{Heap after GC invocations=28 (full 2):
 def new generation   total 11776K, used 1279K [0x00000000f0000000, 0x00000000f0cc0000, 0x00000000f5550000)
  eden space 10496K,   0% used [0x00000000f0000000, 0x00000000f0000000, 0x00000000f0a40000)
  from space 1280K,  99% used [0x00000000f0b80000, 0x00000000f0cbfff8, 0x00000000f0cc0000)
  to   space 1280K,   0% used [0x00000000f0a40000, 0x00000000f0a40000, 0x00000000f0b80000)
 tenured generation   total 26060K, used 15747K [0x00000000f5550000, 0x00000000f6ec3000, 0x0000000100000000)
   the space 26060K,  60% used [0x00000000f5550000, 0x00000000f64b0ec8, 0x00000000f64b1000, 0x00000000f6ec3000)
 Metaspace       used 38539K, committed 38848K, reserved 1114112K
  class space    used 4333K, committed 4480K, reserved 1048576K
}
Event: 13.786 GC heap before
{Heap before GC invocations=28 (full 2):
 def new generation   total 11776K, used 11775K [0x00000000f0000000, 0x00000000f0cc0000, 0x00000000f5550000)
  eden space 10496K, 100% used [0x00000000f0000000, 0x00000000f0a40000, 0x00000000f0a40000)
  from space 1280K,  99% used [0x00000000f0b80000, 0x00000000f0cbfff8, 0x00000000f0cc0000)
  to   space 1280K,   0% used [0x00000000f0a40000, 0x00000000f0a40000, 0x00000000f0b80000)
 tenured generation   total 26060K, used 15747K [0x00000000f5550000, 0x00000000f6ec3000, 0x0000000100000000)
   the space 26060K,  60% used [0x00000000f5550000, 0x00000000f64b0ec8, 0x00000000f64b1000, 0x00000000f6ec3000)
 Metaspace       used 41395K, committed 41792K, reserved 1114112K
  class space    used 4615K, committed 4800K, reserved 1048576K
}
Event: 13.794 GC heap after
{Heap after GC invocations=29 (full 2):
 def new generation   total 11776K, used 401K [0x00000000f0000000, 0x00000000f0cc0000, 0x00000000f5550000)
  eden space 10496K,   0% used [0x00000000f0000000, 0x00000000f0000000, 0x00000000f0a40000)
  from space 1280K,  31% used [0x00000000f0a40000, 0x00000000f0aa4440, 0x00000000f0b80000)
  to   space 1280K,   0% used [0x00000000f0b80000, 0x00000000f0b80000, 0x00000000f0cc0000)
 tenured generation   total 26060K, used 18007K [0x00000000f5550000, 0x00000000f6ec3000, 0x0000000100000000)
   the space 26060K,  69% used [0x00000000f5550000, 0x00000000f66e5cb8, 0x00000000f66e5e00, 0x00000000f6ec3000)
 Metaspace       used 41395K, committed 41792K, reserved 1114112K
  class space    used 4615K, committed 4800K, reserved 1048576K
}
Event: 14.248 GC heap before
{Heap before GC invocations=29 (full 2):
 def new generation   total 11776K, used 10897K [0x00000000f0000000, 0x00000000f0cc0000, 0x00000000f5550000)
  eden space 10496K, 100% used [0x00000000f0000000, 0x00000000f0a40000, 0x00000000f0a40000)
  from space 1280K,  31% used [0x00000000f0a40000, 0x00000000f0aa4440, 0x00000000f0b80000)
  to   space 1280K,   0% used [0x00000000f0b80000, 0x00000000f0b80000, 0x00000000f0cc0000)
 tenured generation   total 26060K, used 18007K [0x00000000f5550000, 0x00000000f6ec3000, 0x0000000100000000)
   the space 26060K,  69% used [0x00000000f5550000, 0x00000000f66e5cb8, 0x00000000f66e5e00, 0x00000000f6ec3000)
 Metaspace       used 43603K, committed 43968K, reserved 1114112K
  class space    used 4932K, committed 5120K, reserved 1048576K
}
Event: 14.252 GC heap after
{Heap after GC invocations=30 (full 2):
 def new generation   total 11776K, used 904K [0x00000000f0000000, 0x00000000f0cc0000, 0x00000000f5550000)
  eden space 10496K,   0% used [0x00000000f0000000, 0x00000000f0000000, 0x00000000f0a40000)
  from space 1280K,  70% used [0x00000000f0b80000, 0x00000000f0c623c0, 0x00000000f0cc0000)
  to   space 1280K,   0% used [0x00000000f0a40000, 0x00000000f0a40000, 0x00000000f0b80000)
 tenured generation   total 26060K, used 18007K [0x00000000f5550000, 0x00000000f6ec3000, 0x0000000100000000)
   the space 26060K,  69% used [0x00000000f5550000, 0x00000000f66e5cb8, 0x00000000f66e5e00, 0x00000000f6ec3000)
 Metaspace       used 43603K, committed 43968K, reserved 1114112K
  class space    used 4932K, committed 5120K, reserved 1048576K
}
Event: 14.825 GC heap before
{Heap before GC invocations=30 (full 2):
 def new generation   total 11776K, used 11400K [0x00000000f0000000, 0x00000000f0cc0000, 0x00000000f5550000)
  eden space 10496K, 100% used [0x00000000f0000000, 0x00000000f0a40000, 0x00000000f0a40000)
  from space 1280K,  70% used [0x00000000f0b80000, 0x00000000f0c623c0, 0x00000000f0cc0000)
  to   space 1280K,   0% used [0x00000000f0a40000, 0x00000000f0a40000, 0x00000000f0b80000)
 tenured generation   total 26060K, used 18007K [0x00000000f5550000, 0x00000000f6ec3000, 0x0000000100000000)
   the space 26060K,  69% used [0x00000000f5550000, 0x00000000f66e5cb8, 0x00000000f66e5e00, 0x00000000f6ec3000)
 Metaspace       used 46397K, committed 46784K, reserved 1114112K
  class space    used 5319K, committed 5504K, reserved 1048576K
}
Event: 14.830 GC heap after
{Heap after GC invocations=31 (full 2):
 def new generation   total 11776K, used 1062K [0x00000000f0000000, 0x00000000f0cc0000, 0x00000000f5550000)
  eden space 10496K,   0% used [0x00000000f0000000, 0x00000000f0000000, 0x00000000f0a40000)
  from space 1280K,  83% used [0x00000000f0a40000, 0x00000000f0b49a98, 0x00000000f0b80000)
  to   space 1280K,   0% used [0x00000000f0b80000, 0x00000000f0b80000, 0x00000000f0cc0000)
 tenured generation   total 26060K, used 18373K [0x00000000f5550000, 0x00000000f6ec3000, 0x0000000100000000)
   the space 26060K,  70% used [0x00000000f5550000, 0x00000000f6741718, 0x00000000f6741800, 0x00000000f6ec3000)
 Metaspace       used 46397K, committed 46784K, reserved 1114112K
  class space    used 5319K, committed 5504K, reserved 1048576K
}
Event: 16.082 GC heap before
{Heap before GC invocations=31 (full 2):
 def new generation   total 11776K, used 11558K [0x00000000f0000000, 0x00000000f0cc0000, 0x00000000f5550000)
  eden space 10496K, 100% used [0x00000000f0000000, 0x00000000f0a40000, 0x00000000f0a40000)
  from space 1280K,  83% used [0x00000000f0a40000, 0x00000000f0b49a98, 0x00000000f0b80000)
  to   space 1280K,   0% used [0x00000000f0b80000, 0x00000000f0b80000, 0x00000000f0cc0000)
 tenured generation   total 26060K, used 18373K [0x00000000f5550000, 0x00000000f6ec3000, 0x0000000100000000)
   the space 26060K,  70% used [0x00000000f5550000, 0x00000000f6741718, 0x00000000f6741800, 0x00000000f6ec3000)
 Metaspace       used 49410K, committed 49792K, reserved 1114112K
  class space    used 5876K, committed 6080K, reserved 1048576K
}
Event: 16.088 GC heap after
{Heap after GC invocations=32 (full 2):
 def new generation   total 11776K, used 1060K [0x00000000f0000000, 0x00000000f0cc0000, 0x00000000f5550000)
  eden space 10496K,   0% used [0x00000000f0000000, 0x00000000f0000000, 0x00000000f0a40000)
  from space 1280K,  82% used [0x00000000f0b80000, 0x00000000f0c89328, 0x00000000f0cc0000)
  to   space 1280K,   0% used [0x00000000f0a40000, 0x00000000f0a40000, 0x00000000f0b80000)
 tenured generation   total 26060K, used 18892K [0x00000000f5550000, 0x00000000f6ec3000, 0x0000000100000000)
   the space 26060K,  72% used [0x00000000f5550000, 0x00000000f67c33b8, 0x00000000f67c3400, 0x00000000f6ec3000)
 Metaspace       used 49410K, committed 49792K, reserved 1114112K
  class space    used 5876K, committed 6080K, reserved 1048576K
}
Event: 16.388 GC heap before
{Heap before GC invocations=32 (full 2):
 def new generation   total 11776K, used 11556K [0x00000000f0000000, 0x00000000f0cc0000, 0x00000000f5550000)
  eden space 10496K, 100% used [0x00000000f0000000, 0x00000000f0a40000, 0x00000000f0a40000)
  from space 1280K,  82% used [0x00000000f0b80000, 0x00000000f0c89328, 0x00000000f0cc0000)
  to   space 1280K,   0% used [0x00000000f0a40000, 0x00000000f0a40000, 0x00000000f0b80000)
 tenured generation   total 26060K, used 18892K [0x00000000f5550000, 0x00000000f6ec3000, 0x0000000100000000)
   the space 26060K,  72% used [0x00000000f5550000, 0x00000000f67c33b8, 0x00000000f67c3400, 0x00000000f6ec3000)
 Metaspace       used 52387K, committed 52800K, reserved 1114112K
  class space    used 6271K, committed 6464K, reserved 1048576K
}
Event: 16.394 GC heap after
{Heap after GC invocations=33 (full 2):
 def new generation   total 11776K, used 1197K [0x00000000f0000000, 0x00000000f0cc0000, 0x00000000f5550000)
  eden space 10496K,   0% used [0x00000000f0000000, 0x00000000f0000000, 0x00000000f0a40000)
  from space 1280K,  93% used [0x00000000f0a40000, 0x00000000f0b6b4d8, 0x00000000f0b80000)
  to   space 1280K,   0% used [0x00000000f0b80000, 0x00000000f0b80000, 0x00000000f0cc0000)
 tenured generation   total 26060K, used 19411K [0x00000000f5550000, 0x00000000f6ec3000, 0x0000000100000000)
   the space 26060K,  74% used [0x00000000f5550000, 0x00000000f6844d68, 0x00000000f6844e00, 0x00000000f6ec3000)
 Metaspace       used 52387K, committed 52800K, reserved 1114112K
  class space    used 6271K, committed 6464K, reserved 1048576K
}
Event: 16.692 GC heap before
{Heap before GC invocations=33 (full 2):
 def new generation   total 11776K, used 11693K [0x00000000f0000000, 0x00000000f0cc0000, 0x00000000f5550000)
  eden space 10496K, 100% used [0x00000000f0000000, 0x00000000f0a40000, 0x00000000f0a40000)
  from space 1280K,  93% used [0x00000000f0a40000, 0x00000000f0b6b4d8, 0x00000000f0b80000)
  to   space 1280K,   0% used [0x00000000f0b80000, 0x00000000f0b80000, 0x00000000f0cc0000)
 tenured generation   total 26060K, used 19411K [0x00000000f5550000, 0x00000000f6ec3000, 0x0000000100000000)
   the space 26060K,  74% used [0x00000000f5550000, 0x00000000f6844d68, 0x00000000f6844e00, 0x00000000f6ec3000)
 Metaspace       used 54709K, committed 55104K, reserved 1114112K
  class space    used 6636K, committed 6848K, reserved 1048576K
}
Event: 16.698 GC heap after
{Heap after GC invocations=34 (full 2):
 def new generation   total 11776K, used 715K [0x00000000f0000000, 0x00000000f0cc0000, 0x00000000f5550000)
  eden space 10496K,   0% used [0x00000000f0000000, 0x00000000f0000000, 0x00000000f0a40000)
  from space 1280K,  55% used [0x00000000f0b80000, 0x00000000f0c32eb0, 0x00000000f0cc0000)
  to   space 1280K,   0% used [0x00000000f0a40000, 0x00000000f0a40000, 0x00000000f0b80000)
 tenured generation   total 26060K, used 20602K [0x00000000f5550000, 0x00000000f6ec3000, 0x0000000100000000)
   the space 26060K,  79% used [0x00000000f5550000, 0x00000000f696e8a8, 0x00000000f696ea00, 0x00000000f6ec3000)
 Metaspace       used 54709K, committed 55104K, reserved 1114112K
  class space    used 6636K, committed 6848K, reserved 1048576K
}
Event: 17.168 GC heap before
{Heap before GC invocations=34 (full 2):
 def new generation   total 11776K, used 11211K [0x00000000f0000000, 0x00000000f0cc0000, 0x00000000f5550000)
  eden space 10496K, 100% used [0x00000000f0000000, 0x00000000f0a40000, 0x00000000f0a40000)
  from space 1280K,  55% used [0x00000000f0b80000, 0x00000000f0c32eb0, 0x00000000f0cc0000)
  to   space 1280K,   0% used [0x00000000f0a40000, 0x00000000f0a40000, 0x00000000f0b80000)
 tenured generation   total 26060K, used 20602K [0x00000000f5550000, 0x00000000f6ec3000, 0x0000000100000000)
   the space 26060K,  79% used [0x00000000f5550000, 0x00000000f696e8a8, 0x00000000f696ea00, 0x00000000f6ec3000)
 Metaspace       used 57618K, committed 58112K, reserved 1114112K
  class space    used 7133K, committed 7360K, reserved 1048576K
}
Event: 17.174 GC heap after
{Heap after GC invocations=35 (full 2):
 def new generation   total 11776K, used 465K [0x00000000f0000000, 0x00000000f0cc0000, 0x00000000f5550000)
  eden space 10496K,   0% used [0x00000000f0000000, 0x00000000f0000000, 0x00000000f0a40000)
  from space 1280K,  36% used [0x00000000f0a40000, 0x00000000f0ab4650, 0x00000000f0b80000)
  to   space 1280K,   0% used [0x00000000f0b80000, 0x00000000f0b80000, 0x00000000f0cc0000)
 tenured generation   total 26060K, used 21311K [0x00000000f5550000, 0x00000000f6ec3000, 0x0000000100000000)
   the space 26060K,  81% used [0x00000000f5550000, 0x00000000f6a1ffc0, 0x00000000f6a20000, 0x00000000f6ec3000)
 Metaspace       used 57618K, committed 58112K, reserved 1114112K
  class space    used 7133K, committed 7360K, reserved 1048576K
}
Event: 17.371 GC heap before
{Heap before GC invocations=35 (full 2):
 def new generation   total 11776K, used 6661K [0x00000000f0000000, 0x00000000f0cc0000, 0x00000000f5550000)
  eden space 10496K,  59% used [0x00000000f0000000, 0x00000000f060d180, 0x00000000f0a40000)
  from space 1280K,  36% used [0x00000000f0a40000, 0x00000000f0ab4650, 0x00000000f0b80000)
  to   space 1280K,   0% used [0x00000000f0b80000, 0x00000000f0b80000, 0x00000000f0cc0000)
 tenured generation   total 26060K, used 21311K [0x00000000f5550000, 0x00000000f6ec3000, 0x0000000100000000)
   the space 26060K,  81% used [0x00000000f5550000, 0x00000000f6a1ffc0, 0x00000000f6a20000, 0x00000000f6ec3000)
 Metaspace       used 59348K, committed 59776K, reserved 1114112K
  class space    used 7373K, committed 7616K, reserved 1048576K
}
Event: 17.428 GC heap after
{Heap after GC invocations=36 (full 3):
 def new generation   total 16704K, used 0K [0x00000000f0000000, 0x00000000f1210000, 0x00000000f5550000)
  eden space 14912K,   0% used [0x00000000f0000000, 0x00000000f0000000, 0x00000000f0e90000)
  from space 1792K,   0% used [0x00000000f0e90000, 0x00000000f0e90000, 0x00000000f1050000)
  to   space 1792K,   0% used [0x00000000f1050000, 0x00000000f1050000, 0x00000000f1210000)
 tenured generation   total 36836K, used 22101K [0x00000000f5550000, 0x00000000f7949000, 0x0000000100000000)
   the space 36836K,  59% used [0x00000000f5550000, 0x00000000f6ae5560, 0x00000000f6ae5600, 0x00000000f7949000)
 Metaspace       used 59348K, committed 59776K, reserved 1114112K
  class space    used 7373K, committed 7616K, reserved 1048576K
}
Event: 18.861 GC heap before
{Heap before GC invocations=36 (full 3):
 def new generation   total 16704K, used 14912K [0x00000000f0000000, 0x00000000f1210000, 0x00000000f5550000)
  eden space 14912K, 100% used [0x00000000f0000000, 0x00000000f0e90000, 0x00000000f0e90000)
  from space 1792K,   0% used [0x00000000f0e90000, 0x00000000f0e90000, 0x00000000f1050000)
  to   space 1792K,   0% used [0x00000000f1050000, 0x00000000f1050000, 0x00000000f1210000)
 tenured generation   total 36836K, used 22101K [0x00000000f5550000, 0x00000000f7949000, 0x0000000100000000)
   the space 36836K,  59% used [0x00000000f5550000, 0x00000000f6ae5560, 0x00000000f6ae5600, 0x00000000f7949000)
 Metaspace       used 62364K, committed 62848K, reserved 1114112K
  class space    used 7764K, committed 8000K, reserved 1048576K
}
Event: 18.975 GC heap after
{Heap after GC invocations=37 (full 3):
 def new generation   total 16704K, used 1222K [0x00000000f0000000, 0x00000000f1210000, 0x00000000f5550000)
  eden space 14912K,   0% used [0x00000000f0000000, 0x00000000f0000000, 0x00000000f0e90000)
  from space 1792K,  68% used [0x00000000f1050000, 0x00000000f1181ae0, 0x00000000f1210000)
  to   space 1792K,   0% used [0x00000000f0e90000, 0x00000000f0e90000, 0x00000000f1050000)
 tenured generation   total 36836K, used 22101K [0x00000000f5550000, 0x00000000f7949000, 0x0000000100000000)
   the space 36836K,  59% used [0x00000000f5550000, 0x00000000f6ae5560, 0x00000000f6ae5600, 0x00000000f7949000)
 Metaspace       used 62364K, committed 62848K, reserved 1114112K
  class space    used 7764K, committed 8000K, reserved 1048576K
}

Deoptimization events (20 events):
Event: 18.406 Thread 0x0000026646425b90 DEOPT PACKING pc=0x000002663a403a28 sp=0x000000d23d3fbb70
Event: 18.406 Thread 0x0000026646425b90 DEOPT UNPACKING pc=0x00000266329620a3 sp=0x000000d23d3fbaf8 mode 2
Event: 18.406 Thread 0x0000026646425b90 Uncommon trap: trap_request=0xffffffde fr.pc=0x000002663a403a28 relative=0x0000000000000108
Event: 18.406 Thread 0x0000026646425b90 Uncommon trap: reason=class_check action=maybe_recompile pc=0x000002663a403a28 method=java.lang.reflect.Method.equals(Ljava/lang/Object;)Z @ 1 c2
Event: 18.406 Thread 0x0000026646425b90 DEOPT PACKING pc=0x000002663a403a28 sp=0x000000d23d3fbb70
Event: 18.406 Thread 0x0000026646425b90 DEOPT UNPACKING pc=0x00000266329620a3 sp=0x000000d23d3fbaf8 mode 2
Event: 18.560 Thread 0x0000026646425b90 Uncommon trap: trap_request=0xffffff45 fr.pc=0x000002663a44047c relative=0x00000000000000dc
Event: 18.560 Thread 0x0000026646425b90 Uncommon trap: reason=unstable_if action=reinterpret pc=0x000002663a44047c method=java.lang.AbstractStringBuilder.charAt(I)C @ 12 c2
Event: 18.560 Thread 0x0000026646425b90 DEOPT PACKING pc=0x000002663a44047c sp=0x000000d23d3fd200
Event: 18.560 Thread 0x0000026646425b90 DEOPT UNPACKING pc=0x00000266329620a3 sp=0x000000d23d3fd138 mode 2
Event: 18.560 Thread 0x0000026646425b90 Uncommon trap: trap_request=0xffffff45 fr.pc=0x000002663a44087c relative=0x00000000000000dc
Event: 18.560 Thread 0x0000026646425b90 Uncommon trap: reason=unstable_if action=reinterpret pc=0x000002663a44087c method=java.lang.AbstractStringBuilder.charAt(I)C @ 12 c2
Event: 18.560 Thread 0x0000026646425b90 DEOPT PACKING pc=0x000002663a44087c sp=0x000000d23d3fd1a0
Event: 18.560 Thread 0x0000026646425b90 DEOPT UNPACKING pc=0x00000266329620a3 sp=0x000000d23d3fd140 mode 2
Event: 18.652 Thread 0x0000026646425b90 DEOPT PACKING pc=0x000002663326b559 sp=0x000000d23d3fd190
Event: 18.652 Thread 0x0000026646425b90 DEOPT UNPACKING pc=0x0000026632962843 sp=0x000000d23d3fc670 mode 0
Event: 18.858 Thread 0x0000026646425b90 Uncommon trap: trap_request=0xffffff45 fr.pc=0x000002663a4a3980 relative=0x00000000000000e0
Event: 18.858 Thread 0x0000026646425b90 Uncommon trap: reason=unstable_if action=reinterpret pc=0x000002663a4a3980 method=org.springframework.util.ObjectUtils.nullSafeEquals(Ljava/lang/Object;Ljava/lang/Object;)Z @ 12 c2
Event: 18.858 Thread 0x0000026646425b90 DEOPT PACKING pc=0x000002663a4a3980 sp=0x000000d23d3fd1c0
Event: 18.858 Thread 0x0000026646425b90 DEOPT UNPACKING pc=0x00000266329620a3 sp=0x000000d23d3fd160 mode 2

Classes loaded (20 events):
Event: 18.359 Loading class java/lang/ObjectCustomizer
Event: 18.359 Loading class java/lang/ObjectCustomizer done
Event: 18.359 Loading class java/lang/ObjectCustomizer
Event: 18.359 Loading class java/lang/ObjectCustomizer done
Event: 18.438 Loading class java/lang/ObjectCustomizer
Event: 18.438 Loading class java/lang/ObjectCustomizer done
Event: 18.438 Loading class java/lang/ObjectCustomizer
Event: 18.438 Loading class java/lang/ObjectCustomizer done
Event: 18.441 Loading class sun/reflect/generics/repository/FieldRepository
Event: 18.441 Loading class sun/reflect/generics/repository/FieldRepository done
Event: 18.518 Loading class java/util/Base64
Event: 18.518 Loading class java/util/Base64 done
Event: 18.518 Loading class java/util/Base64$Encoder
Event: 18.519 Loading class java/util/Base64$Encoder done
Event: 18.520 Loading class sun/security/provider/MD5
Event: 18.520 Loading class sun/security/provider/MD5 done
Event: 18.524 Loading class java/nio/StringCharBuffer
Event: 18.525 Loading class java/nio/StringCharBuffer done
Event: 18.791 Loading class java/util/IdentityHashMap$KeyIterator
Event: 18.791 Loading class java/util/IdentityHashMap$KeyIterator done

Classes unloaded (0 events):
No events

Classes redefined (0 events):
No events

Internal exceptions (20 events):
Event: 17.830 Thread 0x0000026646425b90 Exception <a 'java/lang/ClassNotFoundException'{0x00000000f076dc78}: org/springframework/security/config/annotation/authentication/configuration/AuthenticationConfigurationCustomizer> (0x00000000f076dc78) 
thrown [s\src\hotspot\share\classfile\systemDictionary.cpp, line 255]
Event: 18.359 Thread 0x0000026646425b90 Exception <a 'java/lang/ClassNotFoundException'{0x00000000f088db78}: java/lang/ObjectCustomizer> (0x00000000f088db78) 
thrown [s\src\hotspot\share\classfile\systemDictionary.cpp, line 255]
Event: 18.360 Thread 0x0000026646425b90 Exception <a 'java/lang/ClassNotFoundException'{0x00000000f0895930}: org/springframework/web/servlet/config/annotation/WebMvcConfigurationSupportCustomizer> (0x00000000f0895930) 
thrown [s\src\hotspot\share\classfile\systemDictionary.cpp, line 255]
Event: 18.364 Thread 0x0000026646425b90 Exception <a 'java/lang/ClassNotFoundException'{0x00000000f08a9d10}: org/springframework/web/servlet/config/annotation/DelegatingWebMvcConfigurationCustomizer> (0x00000000f08a9d10) 
thrown [s\src\hotspot\share\classfile\systemDictionary.cpp, line 255]
Event: 18.365 Thread 0x0000026646425b90 Exception <a 'java/lang/ClassNotFoundException'{0x00000000f08b30c8}: org/springframework/boot/autoconfigure/web/servlet/WebMvcAutoConfiguration$EnableWebMvcConfigurationCustomizer> (0x00000000f08b30c8) 
thrown [s\src\hotspot\share\classfile\systemDictionary.cpp, line 255]
Event: 18.367 Thread 0x0000026646425b90 Exception <a 'java/lang/ClassNotFoundException'{0x00000000f08c65e8}: org/springframework/context/ResourceLoaderAwareCustomizer> (0x00000000f08c65e8) 
thrown [s\src\hotspot\share\classfile\systemDictionary.cpp, line 255]
Event: 18.369 Thread 0x0000026646425b90 Exception <a 'java/lang/ClassNotFoundException'{0x00000000f08cb340}: org/springframework/beans/factory/AwareCustomizer> (0x00000000f08cb340) 
thrown [s\src\hotspot\share\classfile\systemDictionary.cpp, line 255]
Event: 18.369 Thread 0x0000026646425b90 Exception <a 'java/lang/ClassNotFoundException'{0x00000000f08cf768}: org/springframework/context/ApplicationContextAwareCustomizer> (0x00000000f08cf768) 
thrown [s\src\hotspot\share\classfile\systemDictionary.cpp, line 255]
Event: 18.370 Thread 0x0000026646425b90 Exception <a 'java/lang/ClassNotFoundException'{0x00000000f08d4fa0}: org/springframework/beans/factory/AwareCustomizer> (0x00000000f08d4fa0) 
thrown [s\src\hotspot\share\classfile\systemDictionary.cpp, line 255]
Event: 18.370 Thread 0x0000026646425b90 Exception <a 'java/lang/ClassNotFoundException'{0x00000000f08d93a0}: org/springframework/web/context/ServletContextAwareCustomizer> (0x00000000f08d93a0) 
thrown [s\src\hotspot\share\classfile\systemDictionary.cpp, line 255]
Event: 18.371 Thread 0x0000026646425b90 Exception <a 'java/lang/ClassNotFoundException'{0x00000000f08de530}: org/springframework/beans/factory/AwareCustomizer> (0x00000000f08de530) 
thrown [s\src\hotspot\share\classfile\systemDictionary.cpp, line 255]
Event: 18.373 Thread 0x0000026646425b90 Exception <a 'java/lang/NoSuchMethodError'{0x00000000f08fe660}: 'java.lang.Object java.lang.invoke.DirectMethodHandle$Holder.newInvokeSpecial(java.lang.Object, java.lang.Object, java.lang.Object, java.lang.Object, java.lang.Object, java.lang.Object, java.lang.Object, java.lang.Object)'> (0x00000000f08fe660) 
thrown [s\src\hotspot\share\interpreter\linkResolver.cpp, line 766]
Event: 18.373 Thread 0x0000026646425b90 Exception <a 'java/lang/NoSuchMethodError'{0x00000000f0903cc8}: 'java.lang.Object java.lang.invoke.DirectMethodHandle$Holder.invokeSpecial(java.lang.Object, java.lang.Object, java.lang.Object, java.lang.Object, java.lang.Object, java.lang.Object, java.lang.Object, java.lang.Object, java.lang.Object)'> (0x00000000f0903cc8) 
thrown [s\src\hotspot\share\interpreter\linkResolver.cpp, line 766]
Event: 18.438 Thread 0x0000026646425b90 Exception <a 'java/lang/ClassNotFoundException'{0x00000000f0a61030}: java/lang/ObjectCustomizer> (0x00000000f0a61030) 
thrown [s\src\hotspot\share\classfile\systemDictionary.cpp, line 255]
Event: 18.439 Thread 0x0000026646425b90 Exception <a 'java/lang/ClassNotFoundException'{0x00000000f0a686c8}: org/springframework/security/config/annotation/web/configuration/WebSecurityConfigurationCustomizer> (0x00000000f0a686c8) 
thrown [s\src\hotspot\share\classfile\systemDictionary.cpp, line 255]
Event: 18.440 Thread 0x0000026646425b90 Exception <a 'java/lang/ClassNotFoundException'{0x00000000f0a76960}: org/springframework/context/annotation/ImportAwareCustomizer> (0x00000000f0a76960) 
thrown [s\src\hotspot\share\classfile\systemDictionary.cpp, line 255]
Event: 18.440 Thread 0x0000026646425b90 Exception <a 'java/lang/ClassNotFoundException'{0x00000000f0a7af08}: org/springframework/beans/factory/AwareCustomizer> (0x00000000f0a7af08) 
thrown [s\src\hotspot\share\classfile\systemDictionary.cpp, line 255]
Event: 18.440 Thread 0x0000026646425b90 Exception <a 'java/lang/ClassNotFoundException'{0x00000000f0a7e930}: org/springframework/beans/factory/BeanClassLoaderAwareCustomizer> (0x00000000f0a7e930) 
thrown [s\src\hotspot\share\classfile\systemDictionary.cpp, line 255]
Event: 18.441 Thread 0x0000026646425b90 Exception <a 'java/lang/ClassNotFoundException'{0x00000000f0a82eb8}: org/springframework/beans/factory/AwareCustomizer> (0x00000000f0a82eb8) 
thrown [s\src\hotspot\share\classfile\systemDictionary.cpp, line 255]
Event: 18.858 Thread 0x0000026646425b90 Implicit null exception at 0x000002663a4a38bd to 0x000002663a4a396e

VM Operations (20 events):
Event: 14.824 Executing VM operation: GenCollectForAllocation
Event: 14.830 Executing VM operation: GenCollectForAllocation done
Event: 15.944 Executing VM operation: Cleanup
Event: 15.946 Executing VM operation: Cleanup done
Event: 16.082 Executing VM operation: GenCollectForAllocation
Event: 16.088 Executing VM operation: GenCollectForAllocation done
Event: 16.388 Executing VM operation: GenCollectForAllocation
Event: 16.394 Executing VM operation: GenCollectForAllocation done
Event: 16.692 Executing VM operation: GenCollectForAllocation
Event: 16.698 Executing VM operation: GenCollectForAllocation done
Event: 17.168 Executing VM operation: GenCollectForAllocation
Event: 17.174 Executing VM operation: GenCollectForAllocation done
Event: 17.371 Executing VM operation: CollectForMetadataAllocation
Event: 17.428 Executing VM operation: CollectForMetadataAllocation done
Event: 18.525 Executing VM operation: HandshakeAllThreads
Event: 18.525 Executing VM operation: HandshakeAllThreads done
Event: 18.525 Executing VM operation: Cleanup
Event: 18.525 Executing VM operation: Cleanup done
Event: 18.861 Executing VM operation: GenCollectForAllocation
Event: 18.975 Executing VM operation: GenCollectForAllocation done

Events (20 events):
Event: 13.768 Thread 0x000002662ee3a5d0 flushing nmethod 0x000002663372f910
Event: 13.768 Thread 0x000002662ee3a5d0 flushing nmethod 0x0000026633730890
Event: 13.768 Thread 0x000002662ee3a5d0 flushing nmethod 0x0000026633746f10
Event: 13.768 Thread 0x000002662ee3a5d0 flushing nmethod 0x0000026633748990
Event: 13.768 Thread 0x000002662ee3a5d0 flushing nmethod 0x0000026633748f10
Event: 13.768 Thread 0x000002662ee3a5d0 flushing nmethod 0x0000026633749b10
Event: 13.768 Thread 0x000002662ee3a5d0 flushing nmethod 0x000002663374ba90
Event: 13.768 Thread 0x000002662ee3a5d0 flushing nmethod 0x000002663374c890
Event: 13.768 Thread 0x000002662ee3a5d0 flushing nmethod 0x000002663374cc10
Event: 13.768 Thread 0x000002662ee3a5d0 flushing nmethod 0x000002663374da10
Event: 13.768 Thread 0x000002662ee3a5d0 flushing nmethod 0x000002663374e090
Event: 13.768 Thread 0x000002662ee3a5d0 flushing nmethod 0x000002663374e810
Event: 13.768 Thread 0x000002662ee3a5d0 flushing nmethod 0x0000026633750490
Event: 13.768 Thread 0x000002662ee3a5d0 flushing nmethod 0x0000026633774c10
Event: 13.768 Thread 0x000002662ee3a5d0 flushing nmethod 0x0000026633777990
Event: 13.768 Thread 0x000002662ee3a5d0 flushing nmethod 0x00000266337d0a10
Event: 14.107 Thread 0x00000266471ca290 Thread added: 0x00000266471ca290
Event: 14.108 Thread 0x00000266471cb5d0 Thread added: 0x00000266471cb5d0
Event: 14.113 Thread 0x00000266471c8f50 Thread added: 0x00000266471c8f50
Event: 18.793 Thread 0x00000266471c98f0 Thread exited: 0x00000266471c98f0


Dynamic libraries:
0x00007ff60f580000 - 0x00007ff60f58e000 	C:\Users\Administrator\.p2\pool\plugins\org.eclipse.justj.openjdk.hotspot.jre.full.win32.x86_64_18.0.1.v20220515-1614\jre\bin\javaw.exe
0x00007ffe123a0000 - 0x00007ffe1258d000 	C:\Windows\SYSTEM32\ntdll.dll
0x00007ffe107b0000 - 0x00007ffe10863000 	C:\Windows\System32\KERNEL32.DLL
0x00007ffe0e430000 - 0x00007ffe0e6c4000 	C:\Windows\System32\KERNELBASE.dll
0x00007ffe0e790000 - 0x00007ffe0e88a000 	C:\Windows\System32\ucrtbase.dll
0x00007ffdfaf50000 - 0x00007ffdfaf67000 	C:\Users\Administrator\.p2\pool\plugins\org.eclipse.justj.openjdk.hotspot.jre.full.win32.x86_64_18.0.1.v20220515-1614\jre\bin\jli.dll
0x00007ffdfaeb0000 - 0x00007ffdfaec9000 	C:\Users\Administrator\.p2\pool\plugins\org.eclipse.justj.openjdk.hotspot.jre.full.win32.x86_64_18.0.1.v20220515-1614\jre\bin\VCRUNTIME140.dll
0x00007ffe0f5d0000 - 0x00007ffe0f767000 	C:\Windows\System32\USER32.dll
0x00007ffe04390000 - 0x00007ffe04609000 	C:\Windows\WinSxS\amd64_microsoft.windows.common-controls_6595b64144ccf1df_6.0.17763.2928_none_de6f2d70534d3d29\COMCTL32.dll
0x00007ffe0e750000 - 0x00007ffe0e770000 	C:\Windows\System32\win32u.dll
0x00007ffe0fc90000 - 0x00007ffe0fd2e000 	C:\Windows\System32\msvcrt.dll
0x00007ffe10110000 - 0x00007ffe10139000 	C:\Windows\System32\GDI32.dll
0x00007ffe0fde0000 - 0x00007ffe1010d000 	C:\Windows\System32\combase.dll
0x00007ffe0e930000 - 0x00007ffe0eacc000 	C:\Windows\System32\gdi32full.dll
0x00007ffe11f80000 - 0x00007ffe1209d000 	C:\Windows\System32\RPCRT4.dll
0x00007ffe0e890000 - 0x00007ffe0e930000 	C:\Windows\System32\msvcp_win.dll
0x00007ffe0f420000 - 0x00007ffe0f4a2000 	C:\Windows\System32\bcryptPrimitives.dll
0x00007ffe10780000 - 0x00007ffe107ae000 	C:\Windows\System32\IMM32.DLL
0x00007ffdfaf80000 - 0x00007ffdfaf8c000 	C:\Users\Administrator\.p2\pool\plugins\org.eclipse.justj.openjdk.hotspot.jre.full.win32.x86_64_18.0.1.v20220515-1614\jre\bin\vcruntime140_1.dll
0x00007ffdfac60000 - 0x00007ffdfacf1000 	C:\Users\Administrator\.p2\pool\plugins\org.eclipse.justj.openjdk.hotspot.jre.full.win32.x86_64_18.0.1.v20220515-1614\jre\bin\msvcp140.dll
0x00007ffde1410000 - 0x00007ffde2099000 	C:\Users\Administrator\.p2\pool\plugins\org.eclipse.justj.openjdk.hotspot.jre.full.win32.x86_64_18.0.1.v20220515-1614\jre\bin\server\jvm.dll
0x00007ffe122b0000 - 0x00007ffe12357000 	C:\Windows\System32\ADVAPI32.dll
0x00007ffe0fd40000 - 0x00007ffe0fddf000 	C:\Windows\System32\sechost.dll
0x00007ffe109a0000 - 0x00007ffe109a8000 	C:\Windows\System32\PSAPI.DLL
0x00007ffe03620000 - 0x00007ffe03629000 	C:\Windows\SYSTEM32\WSOCK32.dll
0x00007ffe0c570000 - 0x00007ffe0c594000 	C:\Windows\SYSTEM32\WINMM.dll
0x00007ffe039f0000 - 0x00007ffe039fa000 	C:\Windows\SYSTEM32\VERSION.dll
0x00007ffe11f10000 - 0x00007ffe11f7d000 	C:\Windows\System32\WS2_32.dll
0x00007ffe0c540000 - 0x00007ffe0c56d000 	C:\Windows\SYSTEM32\WINMMBASE.dll
0x00007ffe0e700000 - 0x00007ffe0e74a000 	C:\Windows\System32\cfgmgr32.dll
0x00007ffe0e3e0000 - 0x00007ffe0e3f1000 	C:\Windows\System32\kernel.appcore.dll
0x00007ffdfae50000 - 0x00007ffdfae5a000 	C:\Users\Administrator\.p2\pool\plugins\org.eclipse.justj.openjdk.hotspot.jre.full.win32.x86_64_18.0.1.v20220515-1614\jre\bin\jimage.dll
0x00007ffe05160000 - 0x00007ffe0534d000 	C:\Windows\SYSTEM32\DBGHELP.DLL
0x00007ffe050f0000 - 0x00007ffe0511a000 	C:\Windows\SYSTEM32\dbgcore.DLL
0x00007ffdfadb0000 - 0x00007ffdfadd5000 	C:\Users\Administrator\.p2\pool\plugins\org.eclipse.justj.openjdk.hotspot.jre.full.win32.x86_64_18.0.1.v20220515-1614\jre\bin\java.dll
0x00007ffdfae20000 - 0x00007ffdfae38000 	C:\Users\Administrator\.p2\pool\plugins\org.eclipse.justj.openjdk.hotspot.jre.full.win32.x86_64_18.0.1.v20220515-1614\jre\bin\zip.dll
0x00007ffe10a10000 - 0x00007ffe11f09000 	C:\Windows\System32\SHELL32.dll
0x00007ffe0f880000 - 0x00007ffe0f928000 	C:\Windows\System32\shcore.dll
0x00007ffe0ead0000 - 0x00007ffe0f218000 	C:\Windows\System32\windows.storage.dll
0x00007ffe0e400000 - 0x00007ffe0e424000 	C:\Windows\System32\profapi.dll
0x00007ffe0e380000 - 0x00007ffe0e3dd000 	C:\Windows\System32\powrprof.dll
0x00007ffe12250000 - 0x00007ffe122a2000 	C:\Windows\System32\shlwapi.dll
0x00007ffe0e770000 - 0x00007ffe0e787000 	C:\Windows\System32\cryptsp.dll
0x00007ffdfae00000 - 0x00007ffdfae13000 	C:\Users\Administrator\.p2\pool\plugins\org.eclipse.justj.openjdk.hotspot.jre.full.win32.x86_64_18.0.1.v20220515-1614\jre\bin\net.dll
0x00007ffe05c20000 - 0x00007ffe05d11000 	C:\Windows\SYSTEM32\WINHTTP.dll
0x00007ffe0db50000 - 0x00007ffe0dbb7000 	C:\Windows\system32\mswsock.dll
0x00007ffdfade0000 - 0x00007ffdfadf6000 	C:\Users\Administrator\.p2\pool\plugins\org.eclipse.justj.openjdk.hotspot.jre.full.win32.x86_64_18.0.1.v20220515-1614\jre\bin\nio.dll
0x00007ffdfada0000 - 0x00007ffdfadb0000 	C:\Users\Administrator\.p2\pool\plugins\org.eclipse.justj.openjdk.hotspot.jre.full.win32.x86_64_18.0.1.v20220515-1614\jre\bin\verify.dll
0x00007ffdfaf30000 - 0x00007ffdfaf39000 	C:\Users\Administrator\.p2\pool\plugins\org.eclipse.justj.openjdk.hotspot.jre.full.win32.x86_64_18.0.1.v20220515-1614\jre\bin\management.dll
0x00007ffdfaf20000 - 0x00007ffdfaf2b000 	C:\Users\Administrator\.p2\pool\plugins\org.eclipse.justj.openjdk.hotspot.jre.full.win32.x86_64_18.0.1.v20220515-1614\jre\bin\management_ext.dll
0x00007ffdfafd0000 - 0x00007ffdfafe6000 	C:\Windows\system32\napinsp.dll
0x00007ffe0d8a0000 - 0x00007ffe0d966000 	C:\Windows\SYSTEM32\DNSAPI.dll
0x00007ffe12360000 - 0x00007ffe12368000 	C:\Windows\System32\NSI.dll
0x00007ffe0d860000 - 0x00007ffe0d89e000 	C:\Windows\SYSTEM32\IPHLPAPI.DLL
0x00007ffdfaff0000 - 0x00007ffdfaffe000 	C:\Windows\System32\winrnr.dll
0x00007ffe05720000 - 0x00007ffe0573b000 	C:\Windows\system32\NLAapi.dll
0x00007ffdfc530000 - 0x00007ffdfc545000 	C:\Windows\system32\wshbth.dll
0x00007ffe03ed0000 - 0x00007ffe03eda000 	C:\Windows\System32\rasadhlp.dll
0x00007ffe04a10000 - 0x00007ffe04a89000 	C:\Windows\System32\fwpuclnt.dll
0x00007ffe0e6d0000 - 0x00007ffe0e6f6000 	C:\Windows\System32\bcrypt.dll
0x00007ffe0d6d0000 - 0x00007ffe0d703000 	C:\Windows\system32\rsaenh.dll
0x00007ffe0e290000 - 0x00007ffe0e2b9000 	C:\Windows\SYSTEM32\USERENV.dll
0x00007ffe0dd20000 - 0x00007ffe0dd2c000 	C:\Windows\SYSTEM32\CRYPTBASE.dll
0x00007ffe05140000 - 0x00007ffe05156000 	C:\Windows\SYSTEM32\dhcpcsvc6.DLL
0x00007ffe04ff0000 - 0x00007ffe0500c000 	C:\Windows\SYSTEM32\dhcpcsvc.DLL
0x00007ffdfaf40000 - 0x00007ffdfaf4e000 	C:\Users\Administrator\.p2\pool\plugins\org.eclipse.justj.openjdk.hotspot.jre.full.win32.x86_64_18.0.1.v20220515-1614\jre\bin\sunmscapi.dll
0x00007ffe0f220000 - 0x00007ffe0f415000 	C:\Windows\System32\CRYPT32.dll
0x00007ffe0e360000 - 0x00007ffe0e372000 	C:\Windows\System32\MSASN1.dll
0x00007ffe0de20000 - 0x00007ffe0de46000 	C:\Windows\SYSTEM32\ncrypt.dll
0x00007ffe0dde0000 - 0x00007ffe0de1c000 	C:\Windows\SYSTEM32\NTASN1.dll

dbghelp: loaded successfully - version: 4.0.5 - missing functions: none
symbol engine: initialized successfully - sym options: 0x614 - pdb path: .;C:\Users\Administrator\.p2\pool\plugins\org.eclipse.justj.openjdk.hotspot.jre.full.win32.x86_64_18.0.1.v20220515-1614\jre\bin;C:\Windows\SYSTEM32;C:\Windows\WinSxS\amd64_microsoft.windows.common-controls_6595b64144ccf1df_6.0.17763.2928_none_de6f2d70534d3d29;C:\Users\Administrator\.p2\pool\plugins\org.eclipse.justj.openjdk.hotspot.jre.full.win32.x86_64_18.0.1.v20220515-1614\jre\bin\server

VM Arguments:
jvm_args: -Dfile.encoding=UTF-8 -XX:+ShowCodeDetailsInExceptionMessages 
java_command: com.ng.SimpleAppApplication
java_class_path (initial): C:\Users\Administrator\Downloads\Dev-master\Dev-master\SimpleApp\target\classes;C:\Users\Administrator\.m2\repository\org\springframework\boot\spring-boot-starter-web\2.6.7\spring-boot-starter-web-2.6.7.jar;C:\Users\Administrator\.m2\repository\org\springframework\boot\spring-boot-starter\2.6.7\spring-boot-starter-2.6.7.jar;C:\Users\Administrator\.m2\repository\org\springframework\boot\spring-boot-starter-logging\2.6.7\spring-boot-starter-logging-2.6.7.jar;C:\Users\Administrator\.m2\repository\ch\qos\logback\logback-classic\1.2.11\logback-classic-1.2.11.jar;C:\Users\Administrator\.m2\repository\ch\qos\logback\logback-core\1.2.11\logback-core-1.2.11.jar;C:\Users\Administrator\.m2\repository\org\apache\logging\log4j\log4j-to-slf4j\2.17.2\log4j-to-slf4j-2.17.2.jar;C:\Users\Administrator\.m2\repository\org\apache\logging\log4j\log4j-api\2.17.2\log4j-api-2.17.2.jar;C:\Users\Administrator\.m2\repository\org\slf4j\jul-to-slf4j\1.7.36\jul-to-slf4j-1.7.36.jar;C:\Users\Administrator\.m2\repository\jakarta\annotation\jakarta.annotation-api\1.3.5\jakarta.annotation-api-1.3.5.jar;C:\Users\Administrator\.m2\repository\org\yaml\snakeyaml\1.29\snakeyaml-1.29.jar;C:\Users\Administrator\.m2\repository\org\springframework\boot\spring-boot-starter-json\2.6.7\spring-boot-starter-json-2.6.7.jar;C:\Users\Administrator\.m2\repository\com\fasterxml\jackson\core\jackson-databind\2.13.2.1\jackson-databind-2.13.2.1.jar;C:\Users\Administrator\.m2\repository\com\fasterxml\jackson\core\jackson-annotations\2.13.2\jackson-annotations-2.13.2.jar;C:\Users\Administrator\.m2\repository\com\fasterxml\jackson\core\jackson-core\2.13.2\jackson-core-2.13.2.jar;C:\Users\Administrator\.m2\repository\com\fasterxml\jackson\datatype\jackson-datatype-jdk8\2.13.2\jackson-datatype-jdk8-2.13.2.jar;C:\Users\Administrator\.m2\repository\com\fasterxml\jackson\datatype\jackson-datatype-jsr310\2.13.2\jackson-datatype-jsr310-2.13.2.jar;C:\Users\Administrator\.m2\repository\com\fasterxml\jackson\module\jackson-module-parameter-names\2.13.2\jackson-module-parameter-names-2.13.2.jar;C:\Users\Administrator\.m2\repository\org\springframework\boot\spring-boot-starter-tomcat\2.6.7\spring-boot-starter-tomcat-2.6.7.jar;C:\Users\Administrator\.m2\repository\org\apache\tomcat\embed\tomcat-embed-websocket\9.0.62\tomcat-embed-websocket-9.0.62.jar;C:\Users\Administrator\.m2\repository\org\springframework\spring-web\5.3.19\spring-web-5.3.19.jar;C:\Users\Administrator\.m2\repository\org\springframework\spring-beans\5.3.19\spring-beans-5.3.19.jar;C:\Users\Administrator\.m2\repository\org\springframework\spring-webmvc\5.3.19\spring-webmvc-5.3.19.jar;C:\Users\Administrator\.m2\repository\org\springframework\spring-context\5.3.19\spring-context-5.3.19.jar;C:\Users\Administrator\.m2\repository\org\springframework\spring-expression\5.3.19\spring-expression-5.3.19.jar;C:\Users\Administrator\.m2\repository\org\slf4j\slf4j-api\1.7.36\slf4j-api-1.7.36.jar;C:\Users\Administrator\.m2\repository\jakarta\xml\bind\jakarta.xml.bind-api\2.3.3\jakarta.xml.bind-api-2.3.3.jar;C:\Users\Administrator\.m2\repository\jakarta\activation\jakarta.activation-api\1.2.2\jakarta.activation-api-1.2.2.jar;C:\Users\Administrator\.m2\repository\net\bytebuddy\byte-buddy\1.11.22\byte-buddy-1.11.22.jar;C:\Users\Administrator\.m2\repository\org\springframework\spring-core\5.3.19\spring-core-5.3.19.jar;C:\Users\Administrator\.m2\repository\org\springframework\spring-jcl\5.3.19\spring-jcl-5.3.19.jar;C:\Users\Administrator\.m2\repository\org\springframework\boot\spring-boot-devtools\2.6.7\spring-boot-devtools-2.6.7.jar;C:\Users\Administrator\.m2\repository\org\springframework\boot\spring-boot\2.6.7\spring-boot-2.6.7.jar;C:\Users\Administrator\.m2\repository\org\springframework\boot\spring-boot-autoconfigure\2.6.7\spring-boot-autoconfigure-2.6.7.jar;C:\Users\Administrator\.m2\repository\org\springframework\boot\spring-boot-starter-data-jpa\2.6.7\spring-boot-starter-data-jpa-2.6.7.jar;C:\Users\Administrator\.m2\repository\org\springframework\boot\spring-boot-starter-aop\2.6.7\spring-boot-starter-aop-2.6.7.jar;C:\Users\Administrator\.m2\repository\org\aspectj\aspectjweaver\1.9.7\aspectjweaver-1.9.7.jar;C:\Users\Administrator\.m2\repository\org\springframework\boot\spring-boot-starter-jdbc\2.6.7\spring-boot-starter-jdbc-2.6.7.jar;C:\Users\Administrator\.m2\repository\com\zaxxer\HikariCP\4.0.3\HikariCP-4.0.3.jar;C:\Users\Administrator\.m2\repository\org\springframework\spring-jdbc\5.3.19\spring-jdbc-5.3.19.jar;C:\Users\Administrator\.m2\repository\jakarta\transaction\jakarta.transaction-api\1.3.3\jakarta.transaction-api-1.3.3.jar;C:\Users\Administrator\.m2\repository\jakarta\persistence\jakarta.persistence-api\2.2.3\jakarta.persistence-api-2.2.3.jar;C:\Users\Administrator\.m2\repository\org\hibernate\hibernate-core\5.6.8.Final\hibernate-core-5.6.8.Final.jar;C:\Users\Administrator\.m2\repository\antlr\antlr\2.7.7\antlr-2.7.7.jar;C:\Users\Administrator\.m2\repository\org\jboss\jandex\2.4.2.Final\jandex-2.4.2.Final.jar;C:\Users\Administrator\.m2\repository\org\hibernate\common\hibernate-commons-annotations\5.1.2.Final\hibernate-commons-annotations-5.1.2.Final.jar;C:\Users\Administrator\.m2\repository\org\glassfish\jaxb\jaxb-runtime\2.3.6\jaxb-runtime-2.3.6.jar;C:\Users\Administrator\.m2\repository\org\glassfish\jaxb\txw2\2.3.6\txw2-2.3.6.jar;C:\Users\Administrator\.m2\repository\com\sun\istack\istack-commons-runtime\3.0.12\istack-commons-runtime-3.0.12.jar;C:\Users\Administrator\.m2\repository\com\sun\activation\jakarta.activation\1.2.2\jakarta.activation-1.2.2.jar;C:\Users\Administrator\.m2\repository\org\springframework\data\spring-data-jpa\2.6.4\spring-data-jpa-2.6.4.jar;C:\Users\Administrator\.m2\repository\org\springframework\data\spring-data-commons\2.6.4\spring-data-commons-2.6.4.jar;C:\Users\Administrator\.m2\repository\org\springframework\spring-orm\5.3.19\spring-orm-5.3.19.jar;C:\Users\Administrator\.m2\repository\org\springframework\spring-tx\5.3.19\spring-tx-5.3.19.jar;C:\Users\Administrator\.m2\repository\org\springframework\spring-aspects\5.3.19\spring-aspects-5.3.19.jar;C:\Users\Administrator\.m2\repository\org\hibernate\validator\hibernate-validator\6.2.0.Final\hibernate-validator-6.2.0.Final.jar;C:\Users\Administrator\.m2\repository\jakarta\validation\jakarta.validation-api\2.0.2\jakarta.validation-api-2.0.2.jar;C:\Users\Administrator\.m2\repository\org\jboss\logging\jboss-logging\3.4.3.Final\jboss-logging-3.4.3.Final.jar;C:\Users\Administrator\.m2\repository\com\fasterxml\classmate\1.5.1\classmate-1.5.1.jar;C:\Users\Administrator\.m2\repository\com\h2database\h2\2.1.212\h2-2.1.212.jar;C:\Users\Administrator\.m2\repository\org\apache\tomcat\embed\tomcat-embed-jasper\9.0.62\tomcat-embed-jasper-9.0.62.jar;C:\Users\Administrator\.m2\repository\org\apache\tomcat\embed\tomcat-embed-core\9.0.62\tomcat-embed-core-9.0.62.jar;C:\Users\Administrator\.m2\repository\org\apache\tomcat\tomcat-annotations-api\9.0.62\tomcat-annotations-api-9.0.62.jar;C:\Users\Administrator\.m2\repository\org\apache\tomcat\embed\tomcat-embed-el\9.0.62\tomcat-embed-el-9.0.62.jar;C:\Users\Administrator\.m2\repository\org\eclipse\jdt\ecj\3.18.0\ecj-3.18.0.jar;C:\Users\Administrator\.m2\repository\javax\servlet\jstl\1.2\jstl-1.2.jar;C:\Users\Administrator\.m2\repository\org\springframework\boot\spring-boot-starter-security\2.6.7\spring-boot-starter-security-2.6.7.jar;C:\Users\Administrator\.m2\repository\org\springframework\spring-aop\5.3.19\spring-aop-5.3.19.jar;C:\Users\Administrator\.m2\repository\org\springframework\security\spring-security-config\5.6.3\spring-security-config-5.6.3.jar;C:\Users\Administrator\.m2\repository\org\springframework\security\spring-security-core\5.6.3\spring-security-core-5.6.3.jar;C:\Users\Administrator\.m2\repository\org\springframework\security\spring-security-crypto\5.6.3\spring-security-crypto-5.6.3.jar;C:\Users\Administrator\.m2\repository\org\springframework\security\spring-security-web\5.6.3\spring-security-web-5.6.3.jar
Launcher Type: SUN_STANDARD

[Global flags]
     intx CICompilerCount                          = 2                                         {product} {ergonomic}
   size_t InitialHeapSize                          = 16777216                                  {product} {ergonomic}
   size_t MaxHeapSize                              = 268435456                                 {product} {ergonomic}
   size_t MaxNewSize                               = 89456640                                  {product} {ergonomic}
   size_t MinHeapDeltaBytes                        = 196608                                    {product} {ergonomic}
   size_t MinHeapSize                              = 8388608                                   {product} {ergonomic}
   size_t NewSize                                  = 5570560                                   {product} {ergonomic}
    uintx NonNMethodCodeHeapSize                   = 5826188                                {pd product} {ergonomic}
    uintx NonProfiledCodeHeapSize                  = 122916026                              {pd product} {ergonomic}
   size_t OldSize                                  = 11206656                                  {product} {ergonomic}
    uintx ProfiledCodeHeapSize                     = 122916026                              {pd product} {ergonomic}
    uintx ReservedCodeCacheSize                    = 251658240                              {pd product} {ergonomic}
     bool SegmentedCodeCache                       = true                                      {product} {ergonomic}
     bool ShowCodeDetailsInExceptionMessages       = true                                   {manageable} {command line}
   size_t SoftMaxHeapSize                          = 268435456                              {manageable} {ergonomic}
     bool UseCompressedClassPointers               = true                           {product lp64_product} {ergonomic}
     bool UseCompressedOops                        = true                           {product lp64_product} {ergonomic}
     bool UseLargePagesIndividualAllocation        = false                                  {pd product} {ergonomic}
     bool UseSerialGC                              = true                                      {product} {ergonomic}

Logging:
Log output configuration:
 #0: stdout all=warning uptime,level,tags foldmultilines=false
 #1: stderr all=off uptime,level,tags foldmultilines=false

Environment Variables:
JAVA_HOME=C:\Program Files\Java\jdk1.8.0_333
PATH=C:/Users/Administrator/.p2/pool/plugins/org.eclipse.justj.openjdk.hotspot.jre.full.win32.x86_64_18.0.1.v20220515-1614/jre/bin/server;C:/Users/Administrator/.p2/pool/plugins/org.eclipse.justj.openjdk.hotspot.jre.full.win32.x86_64_18.0.1.v20220515-1614/jre/bin;C:\Program Files (x86)\Common Files\Oracle\Java\javapath;C:\Windows\system32;C:\Windows;C:\Windows\System32\Wbem;C:\Windows\System32\WindowsPowerShell\v1.0\;C:\Windows\System32\OpenSSH\;C:\Windows\system32\config\systemprofile\AppData\Local\Microsoft\WindowsApps;C:\Program Files\Amazon\cfn-bootstrap\;C:\Program Files\Docker;C:\Program Files\Docker\Docker\resources\bin;C:\ProgramData\DockerDesktop\version-bin;C:\Program Files\nodejs\;C:\Program Files\Git\cmd;C:\Users\Administrator\AppData\Local\Microsoft\WindowsApps;C:\Users\Administrator\AppData\Roaming\npm;C:\Users\Administrator\AppData\Local\Programs\Microsoft VS Code\bin;C:\apache-maven-3.8.5\bin;C:\Program Files\Java\jdk1.8.0_333\bin;;C:\Users\Administrator\Desktop;
USERNAME=Administrator
OS=Windows_NT
PROCESSOR_IDENTIFIER=Intel64 Family 6 Model 63 Stepping 2, GenuineIntel



---------------  S Y S T E M  ---------------

OS:
 Windows Server 2019 , 64 bit Build 17763 (10.0.17763.2928)
OS uptime: 10 days 18:15 hours
Xen hardware-assisted virtualization detected

CPU: total 1 (initial active 1) (1 cores per cpu, 1 threads per core) family 6 model 63 stepping 2 microcode 0x46, cx8, cmov, fxsr, mmx, sse, sse2, sse3, ssse3, sse4.1, sse4.2, popcnt, lzcnt, tsc, avx, avx2, aes, erms, clmul, bmi1, bmi2, fma, vzeroupper, clflush, hv

Memory: 4k page, system-wide physical 1023M (42M free)
TotalPageFile size 4863M (AvailPageFile size 6M)
current process WorkingSet (physical memory assigned to process): 183M, peak: 183M
current process commit charge ("private bytes"): 196M, peak: 197M

vm_info: OpenJDK 64-Bit Server VM (18.0.1+10) for windows-amd64 JRE (18.0.1+10), built on Apr 20 2022 05:04:48 by "" with MS VC++ 16.7 (VS2019)

END.
